Found Detectron ops lib: /var/storage/shared/pnrsy/sys/jobs/application_1520801018426_4478/.conda/envs/detectron/lib/libcaffe2_detectron_ops_gpu.so
Found Detectron ops lib: /var/storage/shared/pnrsy/sys/jobs/application_1520801018426_4478/.conda/envs/detectron/lib/libcaffe2_detectron_ops_gpu.so
INFO train_net.py: 104: Called with args:
INFO train_net.py: 105: Namespace(cfg_file='configs/nuclei/e2e_mask_rcnn_R-50-FPN_1x-lr4e-3.yaml', multi_gpu_testing=False, opts=['OUTPUT_DIR', '/tmp/detectron-output-r50-lr4e-3'], skip_test=False)
INFO train_net.py: 111: Training with config:
INFO train_net.py: 112: {'BBOX_XFORM_CLIP': 4.135166556742356,
 'CLUSTER': {'ON_CLUSTER': False},
 'DATA_LOADER': {'NUM_THREADS': 4},
 'DEDUP_BOXES': 0.0625,
 'DOWNLOAD_CACHE': '/tmp/detectron-download-cache',
 'EPS': 1e-14,
 'EXPECTED_RESULTS': [],
 'EXPECTED_RESULTS_ATOL': 0.005,
 'EXPECTED_RESULTS_EMAIL': '',
 'EXPECTED_RESULTS_RTOL': 0.1,
 'FAST_RCNN': {'MLP_HEAD_DIM': 1024,
               'ROI_BOX_HEAD': 'fast_rcnn_heads.add_roi_2mlp_head',
               'ROI_XFORM_METHOD': 'RoIAlign',
               'ROI_XFORM_RESOLUTION': 7,
               'ROI_XFORM_SAMPLING_RATIO': 2},
 'FPN': {'COARSEST_STRIDE': 32,
         'DIM': 256,
         'EXTRA_CONV_LEVELS': False,
         'FPN_ON': True,
         'MULTILEVEL_ROIS': True,
         'MULTILEVEL_RPN': True,
         'ROI_CANONICAL_LEVEL': 4,
         'ROI_CANONICAL_SCALE': 224,
         'ROI_MAX_LEVEL': 5,
         'ROI_MIN_LEVEL': 2,
         'RPN_ANCHOR_START_SIZE': 32,
         'RPN_ASPECT_RATIOS': (0.5, 1, 2),
         'RPN_MAX_LEVEL': 6,
         'RPN_MIN_LEVEL': 2,
         'ZERO_INIT_LATERAL': False},
 'KRCNN': {'CONV_HEAD_DIM': 256,
           'CONV_HEAD_KERNEL': 3,
           'CONV_INIT': 'GaussianFill',
           'DECONV_DIM': 256,
           'DECONV_KERNEL': 4,
           'DILATION': 1,
           'HEATMAP_SIZE': -1,
           'INFERENCE_MIN_SIZE': 0,
           'KEYPOINT_CONFIDENCE': 'bbox',
           'LOSS_WEIGHT': 1.0,
           'MIN_KEYPOINT_COUNT_FOR_VALID_MINIBATCH': 20,
           'NMS_OKS': False,
           'NORMALIZE_BY_VISIBLE_KEYPOINTS': True,
           'NUM_KEYPOINTS': -1,
           'NUM_STACKED_CONVS': 8,
           'ROI_KEYPOINTS_HEAD': '',
           'ROI_XFORM_METHOD': 'RoIAlign',
           'ROI_XFORM_RESOLUTION': 7,
           'ROI_XFORM_SAMPLING_RATIO': 0,
           'UP_SCALE': -1,
           'USE_DECONV': False,
           'USE_DECONV_OUTPUT': False},
 'MATLAB': 'matlab',
 'MEMONGER': True,
 'MEMONGER_SHARE_ACTIVATIONS': False,
 'MODEL': {'BBOX_REG_WEIGHTS': (10.0, 10.0, 5.0, 5.0),
           'CLS_AGNOSTIC_BBOX_REG': False,
           'CONV_BODY': 'FPN.add_fpn_ResNet50_conv5_body',
           'EXECUTION_TYPE': 'dag',
           'FASTER_RCNN': True,
           'KEYPOINTS_ON': False,
           'MASK_ON': True,
           'NUM_CLASSES': 2,
           'RPN_ONLY': False,
           'TYPE': 'generalized_rcnn'},
 'MRCNN': {'CLS_SPECIFIC_MASK': True,
           'CONV_INIT': 'MSRAFill',
           'DILATION': 1,
           'DIM_REDUCED': 256,
           'RESOLUTION': 28,
           'ROI_MASK_HEAD': 'mask_rcnn_heads.mask_rcnn_fcn_head_v1up4convs',
           'ROI_XFORM_METHOD': 'RoIAlign',
           'ROI_XFORM_RESOLUTION': 14,
           'ROI_XFORM_SAMPLING_RATIO': 2,
           'THRESH_BINARIZE': 0.5,
           'UPSAMPLE_RATIO': 1,
           'USE_FC_OUTPUT': False,
           'WEIGHT_LOSS_MASK': 1.0},
 'NUM_GPUS': 1,
 'OUTPUT_DIR': '/tmp/detectron-output-r50-lr4e-3',
 'PIXEL_MEANS': array([[[102.9801, 115.9465, 122.7717]]]),
 'RESNETS': {'NUM_GROUPS': 1,
             'RES5_DILATION': 1,
             'STRIDE_1X1': True,
             'TRANS_FUNC': 'bottleneck_transformation',
             'WIDTH_PER_GROUP': 64},
 'RETINANET': {'ANCHOR_SCALE': 4,
               'ASPECT_RATIOS': (0.5, 1.0, 2.0),
               'BBOX_REG_BETA': 0.11,
               'BBOX_REG_WEIGHT': 1.0,
               'CLASS_SPECIFIC_BBOX': False,
               'INFERENCE_TH': 0.05,
               'LOSS_ALPHA': 0.25,
               'LOSS_GAMMA': 2.0,
               'NEGATIVE_OVERLAP': 0.4,
               'NUM_CONVS': 4,
               'POSITIVE_OVERLAP': 0.5,
               'PRE_NMS_TOP_N': 1000,
               'PRIOR_PROB': 0.01,
               'RETINANET_ON': False,
               'SCALES_PER_OCTAVE': 3,
               'SHARE_CLS_BBOX_TOWER': False,
               'SOFTMAX': False},
 'RFCN': {'PS_GRID_SIZE': 3},
 'RNG_SEED': 3,
 'ROOT_DIR': '/var/storage/shared/pnrsy/weiso/Detectron',
 'RPN': {'ASPECT_RATIOS': (0.5, 1, 2),
         'RPN_ON': True,
         'SIZES': (64, 128, 256, 512),
         'STRIDE': 16},
 'SOLVER': {'BASE_LR': 0.004,
            'GAMMA': 0.1,
            'LOG_LR_CHANGE_THRESHOLD': 1.1,
            'LRS': [],
            'LR_POLICY': 'steps_with_decay',
            'MAX_ITER': 90000,
            'MOMENTUM': 0.9,
            'SCALE_MOMENTUM': True,
            'SCALE_MOMENTUM_THRESHOLD': 1.1,
            'STEPS': [0, 60000, 80000],
            'STEP_SIZE': 30000,
            'WARM_UP_FACTOR': 0.3333333333333333,
            'WARM_UP_ITERS': 500,
            'WARM_UP_METHOD': u'linear',
            'WEIGHT_DECAY': 0.0001},
 'TEST': {'BBOX_AUG': {'AREA_TH_HI': 32400,
                       'AREA_TH_LO': 2500,
                       'ASPECT_RATIOS': (),
                       'ASPECT_RATIO_H_FLIP': False,
                       'COORD_HEUR': 'UNION',
                       'ENABLED': False,
                       'H_FLIP': False,
                       'MAX_SIZE': 4000,
                       'SCALES': (),
                       'SCALE_H_FLIP': False,
                       'SCALE_SIZE_DEP': False,
                       'SCORE_HEUR': 'UNION'},
          'BBOX_REG': True,
          'BBOX_VOTE': {'ENABLED': False,
                        'SCORING_METHOD': 'ID',
                        'SCORING_METHOD_BETA': 1.0,
                        'VOTE_TH': 0.8},
          'COMPETITION_MODE': True,
          'DATASET': '',
          'DATASETS': ('dsb_2018_val',),
          'DETECTIONS_PER_IM': 100,
          'FORCE_JSON_DATASET_EVAL': False,
          'KPS_AUG': {'AREA_TH': 32400,
                      'ASPECT_RATIOS': (),
                      'ASPECT_RATIO_H_FLIP': False,
                      'ENABLED': False,
                      'HEUR': 'HM_AVG',
                      'H_FLIP': False,
                      'MAX_SIZE': 4000,
                      'SCALES': (),
                      'SCALE_H_FLIP': False,
                      'SCALE_SIZE_DEP': False},
          'MASK_AUG': {'AREA_TH': 32400,
                       'ASPECT_RATIOS': (),
                       'ASPECT_RATIO_H_FLIP': False,
                       'ENABLED': False,
                       'HEUR': 'SOFT_AVG',
                       'H_FLIP': False,
                       'MAX_SIZE': 4000,
                       'SCALES': (),
                       'SCALE_H_FLIP': False,
                       'SCALE_SIZE_DEP': False},
          'MAX_SIZE': 1333,
          'NMS': 0.5,
          'PRECOMPUTED_PROPOSALS': False,
          'PROPOSAL_FILE': '',
          'PROPOSAL_FILES': (),
          'PROPOSAL_LIMIT': 2000,
          'RPN_MIN_SIZE': 0,
          'RPN_NMS_THRESH': 0.7,
          'RPN_POST_NMS_TOP_N': 1000,
          'RPN_PRE_NMS_TOP_N': 1000,
          'SCALES': (800,),
          'SCORE_THRESH': 0.05,
          'SOFT_NMS': {'ENABLED': False, 'METHOD': 'linear', 'SIGMA': 0.5},
          'WEIGHTS': ''},
 'TRAIN': {'ASPECT_GROUPING': True,
           'AUTO_RESUME': True,
           'BATCH_SIZE_PER_IM': 512,
           'BBOX_THRESH': 0.5,
           'BG_THRESH_HI': 0.5,
           'BG_THRESH_LO': 0.0,
           'CROWD_FILTER_THRESH': 0.7,
           'DATASETS': ('dsb_2018_train',),
           'FG_FRACTION': 0.25,
           'FG_THRESH': 0.5,
           'FREEZE_CONV_BODY': False,
           'GT_MIN_AREA': -1,
           'IMS_PER_BATCH': 2,
           'MAX_SIZE': 1333,
           'PROPOSAL_FILES': (),
           'RPN_BATCH_SIZE_PER_IM': 256,
           'RPN_FG_FRACTION': 0.5,
           'RPN_MIN_SIZE': 0,
           'RPN_NEGATIVE_OVERLAP': 0.3,
           'RPN_NMS_THRESH': 0.7,
           'RPN_POSITIVE_OVERLAP': 0.7,
           'RPN_POST_NMS_TOP_N': 2000,
           'RPN_PRE_NMS_TOP_N': 2000,
           'RPN_STRADDLE_THRESH': 0,
           'SCALES': (800,),
           'SNAPSHOT_ITERS': 20000,
           'USE_FLIPPED': True,
           'WEIGHTS': u'/tmp/detectron-download-cache/ImageNetPretrained/MSRA/R-50.pkl'},
 'USE_NCCL': False,
 'VIS': False,
 'VIS_TH': 0.9}
INFO train_net.py: 205: Building model: generalized_rcnn
WARNING cnn.py:  40: [====DEPRECATE WARNING====]: you are creating an object from CNNModelHelper class which will be deprecated soon. Please use ModelHelper object with brew module. For more information, please refer to caffe2.ai and python/brew.py, python/brew_test.py for more information.
WARNING memonger.py:  70: NOTE: Executing memonger to optimize gradient memory
INFO memonger.py: 112: Memonger memory optimization took 0.0176589488983 secs
INFO train_net.py: 253: Loading dataset: ('dsb_2018_train',)
loading annotations into memory...
Done (t=1.98s)
creating index...
index created!
INFO roidb.py:  49: Appending horizontally-flipped training examples...
INFO roidb.py:  51: Loaded dataset: dsb_2018_train
INFO roidb.py: 135: Filtered 0 roidb entries: 1072 -> 1072
INFO roidb.py:  67: Computing bounding-box regression targets...
INFO roidb.py:  69: done
INFO train_net.py: 257: 1072 roidb entries
INFO net.py:  57: Loading weights from: /tmp/detectron-download-cache/ImageNetPretrained/MSRA/R-50.pkl
INFO net.py:  86: fpn_inner_res5_2_sum_w not found
INFO net.py:  86: fpn_inner_res5_2_sum_b not found
INFO net.py:  86: fpn_inner_res4_5_sum_lateral_w not found
INFO net.py:  86: fpn_inner_res4_5_sum_lateral_b not found
INFO net.py:  86: fpn_inner_res3_3_sum_lateral_w not found
INFO net.py:  86: fpn_inner_res3_3_sum_lateral_b not found
INFO net.py:  86: fpn_inner_res2_2_sum_lateral_w not found
INFO net.py:  86: fpn_inner_res2_2_sum_lateral_b not found
INFO net.py:  86: fpn_res5_2_sum_w not found
INFO net.py:  86: fpn_res5_2_sum_b not found
INFO net.py:  86: fpn_res4_5_sum_w not found
INFO net.py:  86: fpn_res4_5_sum_b not found
INFO net.py:  86: fpn_res3_3_sum_w not found
INFO net.py:  86: fpn_res3_3_sum_b not found
INFO net.py:  86: fpn_res2_2_sum_w not found
INFO net.py:  86: fpn_res2_2_sum_b not found
INFO net.py:  86: conv_rpn_fpn2_w not found
INFO net.py:  86: conv_rpn_fpn2_b not found
INFO net.py:  86: rpn_cls_logits_fpn2_w not found
INFO net.py:  86: rpn_cls_logits_fpn2_b not found
INFO net.py:  86: rpn_bbox_pred_fpn2_w not found
INFO net.py:  86: rpn_bbox_pred_fpn2_b not found
INFO net.py:  86: fc6_w not found
INFO net.py:  86: fc6_b not found
INFO net.py:  86: fc7_w not found
INFO net.py:  86: fc7_b not found
INFO net.py:  86: cls_score_w not found
INFO net.py:  86: cls_score_b not found
INFO net.py:  86: bbox_pred_w not found
INFO net.py:  86: bbox_pred_b not found
INFO net.py:  86: fcn1_w not found
INFO net.py:  86: fcn1_b not found
INFO net.py:  86: fcn2_w not found
INFO net.py:  86: fcn2_b not found
INFO net.py:  86: fcn3_w not found
INFO net.py:  86: fcn3_b not found
INFO net.py:  86: fcn4_w not found
INFO net.py:  86: fcn4_b not found
INFO net.py:  86: conv5_mask_w not found
INFO net.py:  86: conv5_mask_b not found
INFO net.py:  86: mask_fcn_logits_w not found
INFO net.py:  86: mask_fcn_logits_b not found
INFO train_net.py: 241: Outputs saved to: /tmp/detectron-output-r50-lr4e-3/train/dsb_2018_train/generalized_rcnn
INFO loader.py: 227: Pre-filling mini-batch queue...
INFO loader.py: 232:   [0/64]
INFO loader.py: 232:   [0/64]
INFO loader.py: 232:   [1/64]
INFO loader.py: 232:   [0/64]
INFO loader.py: 232:   [0/64]
INFO loader.py: 232:   [0/64]
INFO loader.py: 232:   [0/64]
INFO loader.py: 232:   [0/64]
INFO loader.py: 232:   [0/64]
INFO loader.py: 232:   [0/64]
INFO loader.py: 232:   [0/64]
INFO loader.py: 232:   [2/64]
INFO loader.py: 232:   [3/64]
INFO loader.py: 232:   [4/64]
INFO loader.py: 232:   [5/64]
INFO loader.py: 232:   [7/64]
INFO loader.py: 232:   [8/64]
INFO loader.py: 232:   [10/64]
INFO loader.py: 232:   [11/64]
INFO loader.py: 232:   [12/64]
INFO loader.py: 232:   [14/64]
INFO loader.py: 232:   [15/64]
INFO loader.py: 232:   [18/64]
INFO loader.py: 232:   [19/64]
INFO loader.py: 232:   [21/64]
INFO loader.py: 232:   [23/64]
INFO loader.py: 232:   [24/64]
INFO loader.py: 232:   [25/64]
INFO loader.py: 232:   [27/64]
INFO loader.py: 232:   [29/64]
INFO loader.py: 232:   [30/64]
INFO loader.py: 232:   [31/64]
INFO loader.py: 232:   [32/64]
INFO loader.py: 232:   [33/64]
INFO loader.py: 232:   [34/64]
INFO loader.py: 232:   [35/64]
INFO loader.py: 232:   [36/64]
INFO loader.py: 232:   [37/64]
INFO loader.py: 232:   [39/64]
INFO loader.py: 232:   [41/64]
INFO loader.py: 232:   [43/64]
INFO loader.py: 232:   [44/64]
INFO loader.py: 232:   [44/64]
INFO loader.py: 232:   [46/64]
INFO loader.py: 232:   [48/64]
INFO loader.py: 232:   [50/64]
INFO loader.py: 232:   [51/64]
INFO loader.py: 232:   [53/64]
INFO loader.py: 232:   [54/64]
INFO loader.py: 232:   [56/64]
INFO loader.py: 232:   [58/64]
INFO loader.py: 232:   [59/64]
INFO loader.py: 232:   [61/64]
INFO loader.py: 232:   [62/64]
INFO loader.py: 232:   [63/64]
INFO detector.py: 436: Changing learning rate 0.000000 -> 0.001333 at iter 0
INFO net.py: 210: Printing model: generalized_rcnn
INFO net.py: 240: data                        : (2, 3, 800, 800)     => conv1                       : (2, 64, 400, 400)    ------- (op: Conv)
INFO net.py: 240: conv1                       : (2, 64, 400, 400)    => conv1                       : (2, 64, 400, 400)    ------- (op: AffineChannel)
INFO net.py: 240: conv1                       : (2, 64, 400, 400)    => conv1                       : (2, 64, 400, 400)    ------- (op: Relu)
INFO net.py: 240: conv1                       : (2, 64, 400, 400)    => pool1                       : (2, 64, 200, 200)    ------- (op: MaxPool)
INFO net.py: 240: pool1                       : (2, 64, 200, 200)    => res2_0_branch2a             : (2, 64, 200, 200)    ------- (op: Conv)
INFO net.py: 240: res2_0_branch2a             : (2, 64, 200, 200)    => res2_0_branch2a             : (2, 64, 200, 200)    ------- (op: AffineChannel)
INFO net.py: 240: res2_0_branch2a             : (2, 64, 200, 200)    => res2_0_branch2a             : (2, 64, 200, 200)    ------- (op: Relu)
INFO net.py: 240: res2_0_branch2a             : (2, 64, 200, 200)    => res2_0_branch2b             : (2, 64, 200, 200)    ------- (op: Conv)
INFO net.py: 240: res2_0_branch2b             : (2, 64, 200, 200)    => res2_0_branch2b             : (2, 64, 200, 200)    ------- (op: AffineChannel)
INFO net.py: 240: res2_0_branch2b             : (2, 64, 200, 200)    => res2_0_branch2b             : (2, 64, 200, 200)    ------- (op: Relu)
INFO net.py: 240: res2_0_branch2b             : (2, 64, 200, 200)    => res2_0_branch2c             : (2, 256, 200, 200)   ------- (op: Conv)
INFO net.py: 240: res2_0_branch2c             : (2, 256, 200, 200)   => res2_0_branch2c_bn          : (2, 256, 200, 200)   ------- (op: AffineChannel)
INFO net.py: 240: pool1                       : (2, 64, 200, 200)    => res2_0_branch1              : (2, 256, 200, 200)   ------- (op: Conv)
INFO net.py: 240: res2_0_branch1              : (2, 256, 200, 200)   => res2_0_branch1_bn           : (2, 256, 200, 200)   ------- (op: AffineChannel)
INFO net.py: 240: res2_0_branch2c_bn          : (2, 256, 200, 200)   => res2_0_branch2c_bn          : (2, 256, 200, 200)   ------- (op: Sum)
INFO net.py: 240: res2_0_branch1_bn           : (2, 256, 200, 200)   => res2_0_branch2c_bn          : (2, 256, 200, 200)   ------|
INFO net.py: 240: res2_0_branch2c_bn          : (2, 256, 200, 200)   => res2_0_branch2c_bn          : (2, 256, 200, 200)   ------- (op: Relu)
INFO net.py: 240: res2_0_branch2c_bn          : (2, 256, 200, 200)   => res2_1_branch2a             : (2, 64, 200, 200)    ------- (op: Conv)
INFO net.py: 240: res2_1_branch2a             : (2, 64, 200, 200)    => res2_1_branch2a             : (2, 64, 200, 200)    ------- (op: AffineChannel)
INFO net.py: 240: res2_1_branch2a             : (2, 64, 200, 200)    => res2_1_branch2a             : (2, 64, 200, 200)    ------- (op: Relu)
INFO net.py: 240: res2_1_branch2a             : (2, 64, 200, 200)    => res2_1_branch2b             : (2, 64, 200, 200)    ------- (op: Conv)
INFO net.py: 240: res2_1_branch2b             : (2, 64, 200, 200)    => res2_1_branch2b             : (2, 64, 200, 200)    ------- (op: AffineChannel)
INFO net.py: 240: res2_1_branch2b             : (2, 64, 200, 200)    => res2_1_branch2b             : (2, 64, 200, 200)    ------- (op: Relu)
INFO net.py: 240: res2_1_branch2b             : (2, 64, 200, 200)    => res2_1_branch2c             : (2, 256, 200, 200)   ------- (op: Conv)
INFO net.py: 240: res2_1_branch2c             : (2, 256, 200, 200)   => res2_1_branch2c_bn          : (2, 256, 200, 200)   ------- (op: AffineChannel)
INFO net.py: 240: res2_1_branch2c_bn          : (2, 256, 200, 200)   => res2_1_branch2c_bn          : (2, 256, 200, 200)   ------- (op: Sum)
INFO net.py: 240: res2_0_branch2c_bn          : (2, 256, 200, 200)   => res2_1_branch2c_bn          : (2, 256, 200, 200)   ------|
INFO net.py: 240: res2_1_branch2c_bn          : (2, 256, 200, 200)   => res2_1_branch2c_bn          : (2, 256, 200, 200)   ------- (op: Relu)
INFO net.py: 240: res2_1_branch2c_bn          : (2, 256, 200, 200)   => res2_2_branch2a             : (2, 64, 200, 200)    ------- (op: Conv)
INFO net.py: 240: res2_2_branch2a             : (2, 64, 200, 200)    => res2_2_branch2a             : (2, 64, 200, 200)    ------- (op: AffineChannel)
INFO net.py: 240: res2_2_branch2a             : (2, 64, 200, 200)    => res2_2_branch2a             : (2, 64, 200, 200)    ------- (op: Relu)
INFO net.py: 240: res2_2_branch2a             : (2, 64, 200, 200)    => res2_2_branch2b             : (2, 64, 200, 200)    ------- (op: Conv)
INFO net.py: 240: res2_2_branch2b             : (2, 64, 200, 200)    => res2_2_branch2b             : (2, 64, 200, 200)    ------- (op: AffineChannel)
INFO net.py: 240: res2_2_branch2b             : (2, 64, 200, 200)    => res2_2_branch2b             : (2, 64, 200, 200)    ------- (op: Relu)
INFO net.py: 240: res2_2_branch2b             : (2, 64, 200, 200)    => res2_2_branch2c             : (2, 256, 200, 200)   ------- (op: Conv)
INFO net.py: 240: res2_2_branch2c             : (2, 256, 200, 200)   => res2_2_branch2c_bn          : (2, 256, 200, 200)   ------- (op: AffineChannel)
INFO net.py: 240: res2_2_branch2c_bn          : (2, 256, 200, 200)   => res2_2_sum                  : (2, 256, 200, 200)   ------- (op: Sum)
INFO net.py: 240: res2_1_branch2c_bn          : (2, 256, 200, 200)   => res2_2_sum                  : (2, 256, 200, 200)   ------|
INFO net.py: 240: res2_2_sum                  : (2, 256, 200, 200)   => res2_2_sum                  : (2, 256, 200, 200)   ------- (op: Relu)
INFO net.py: 240: res2_2_sum                  : (2, 256, 200, 200)   => res2_2_sum                  : (2, 256, 200, 200)   ------- (op: StopGradient)
INFO net.py: 240: res2_2_sum                  : (2, 256, 200, 200)   => res3_0_branch2a             : (2, 128, 100, 100)   ------- (op: Conv)
INFO net.py: 240: res3_0_branch2a             : (2, 128, 100, 100)   => res3_0_branch2a             : (2, 128, 100, 100)   ------- (op: AffineChannel)
INFO net.py: 240: res3_0_branch2a             : (2, 128, 100, 100)   => res3_0_branch2a             : (2, 128, 100, 100)   ------- (op: Relu)
INFO net.py: 240: res3_0_branch2a             : (2, 128, 100, 100)   => res3_0_branch2b             : (2, 128, 100, 100)   ------- (op: Conv)
INFO net.py: 240: res3_0_branch2b             : (2, 128, 100, 100)   => res3_0_branch2b             : (2, 128, 100, 100)   ------- (op: AffineChannel)
INFO net.py: 240: res3_0_branch2b             : (2, 128, 100, 100)   => res3_0_branch2b             : (2, 128, 100, 100)   ------- (op: Relu)
INFO net.py: 240: res3_0_branch2b             : (2, 128, 100, 100)   => res3_0_branch2c             : (2, 512, 100, 100)   ------- (op: Conv)
INFO net.py: 240: res3_0_branch2c             : (2, 512, 100, 100)   => res3_0_branch2c_bn          : (2, 512, 100, 100)   ------- (op: AffineChannel)
INFO net.py: 240: res2_2_sum                  : (2, 256, 200, 200)   => res3_0_branch1              : (2, 512, 100, 100)   ------- (op: Conv)
INFO net.py: 240: res3_0_branch1              : (2, 512, 100, 100)   => res3_0_branch1_bn           : (2, 512, 100, 100)   ------- (op: AffineChannel)
INFO net.py: 240: res3_0_branch2c_bn          : (2, 512, 100, 100)   => res3_0_branch2c_bn          : (2, 512, 100, 100)   ------- (op: Sum)
INFO net.py: 240: res3_0_branch1_bn           : (2, 512, 100, 100)   => res3_0_branch2c_bn          : (2, 512, 100, 100)   ------|
INFO net.py: 240: res3_0_branch2c_bn          : (2, 512, 100, 100)   => res3_0_branch2c_bn          : (2, 512, 100, 100)   ------- (op: Relu)
INFO net.py: 240: res3_0_branch2c_bn          : (2, 512, 100, 100)   => res3_1_branch2a             : (2, 128, 100, 100)   ------- (op: Conv)
INFO net.py: 240: res3_1_branch2a             : (2, 128, 100, 100)   => res3_1_branch2a             : (2, 128, 100, 100)   ------- (op: AffineChannel)
INFO net.py: 240: res3_1_branch2a             : (2, 128, 100, 100)   => res3_1_branch2a             : (2, 128, 100, 100)   ------- (op: Relu)
INFO net.py: 240: res3_1_branch2a             : (2, 128, 100, 100)   => res3_1_branch2b             : (2, 128, 100, 100)   ------- (op: Conv)
INFO net.py: 240: res3_1_branch2b             : (2, 128, 100, 100)   => res3_1_branch2b             : (2, 128, 100, 100)   ------- (op: AffineChannel)
INFO net.py: 240: res3_1_branch2b             : (2, 128, 100, 100)   => res3_1_branch2b             : (2, 128, 100, 100)   ------- (op: Relu)
INFO net.py: 240: res3_1_branch2b             : (2, 128, 100, 100)   => res3_1_branch2c             : (2, 512, 100, 100)   ------- (op: Conv)
INFO net.py: 240: res3_1_branch2c             : (2, 512, 100, 100)   => res3_1_branch2c_bn          : (2, 512, 100, 100)   ------- (op: AffineChannel)
INFO net.py: 240: res3_1_branch2c_bn          : (2, 512, 100, 100)   => res3_1_branch2c_bn          : (2, 512, 100, 100)   ------- (op: Sum)
INFO net.py: 240: res3_0_branch2c_bn          : (2, 512, 100, 100)   => res3_1_branch2c_bn          : (2, 512, 100, 100)   ------|
INFO net.py: 240: res3_1_branch2c_bn          : (2, 512, 100, 100)   => res3_1_branch2c_bn          : (2, 512, 100, 100)   ------- (op: Relu)
INFO net.py: 240: res3_1_branch2c_bn          : (2, 512, 100, 100)   => res3_2_branch2a             : (2, 128, 100, 100)   ------- (op: Conv)
INFO net.py: 240: res3_2_branch2a             : (2, 128, 100, 100)   => res3_2_branch2a             : (2, 128, 100, 100)   ------- (op: AffineChannel)
INFO net.py: 240: res3_2_branch2a             : (2, 128, 100, 100)   => res3_2_branch2a             : (2, 128, 100, 100)   ------- (op: Relu)
INFO net.py: 240: res3_2_branch2a             : (2, 128, 100, 100)   => res3_2_branch2b             : (2, 128, 100, 100)   ------- (op: Conv)
INFO net.py: 240: res3_2_branch2b             : (2, 128, 100, 100)   => res3_2_branch2b             : (2, 128, 100, 100)   ------- (op: AffineChannel)
INFO net.py: 240: res3_2_branch2b             : (2, 128, 100, 100)   => res3_2_branch2b             : (2, 128, 100, 100)   ------- (op: Relu)
INFO net.py: 240: res3_2_branch2b             : (2, 128, 100, 100)   => res3_2_branch2c             : (2, 512, 100, 100)   ------- (op: Conv)
INFO net.py: 240: res3_2_branch2c             : (2, 512, 100, 100)   => res3_2_branch2c_bn          : (2, 512, 100, 100)   ------- (op: AffineChannel)
INFO net.py: 240: res3_2_branch2c_bn          : (2, 512, 100, 100)   => res3_2_branch2c_bn          : (2, 512, 100, 100)   ------- (op: Sum)
INFO net.py: 240: res3_1_branch2c_bn          : (2, 512, 100, 100)   => res3_2_branch2c_bn          : (2, 512, 100, 100)   ------|
INFO net.py: 240: res3_2_branch2c_bn          : (2, 512, 100, 100)   => res3_2_branch2c_bn          : (2, 512, 100, 100)   ------- (op: Relu)
INFO net.py: 240: res3_2_branch2c_bn          : (2, 512, 100, 100)   => res3_3_branch2a             : (2, 128, 100, 100)   ------- (op: Conv)
INFO net.py: 240: res3_3_branch2a             : (2, 128, 100, 100)   => res3_3_branch2a             : (2, 128, 100, 100)   ------- (op: AffineChannel)
INFO net.py: 240: res3_3_branch2a             : (2, 128, 100, 100)   => res3_3_branch2a             : (2, 128, 100, 100)   ------- (op: Relu)
INFO net.py: 240: res3_3_branch2a             : (2, 128, 100, 100)   => res3_3_branch2b             : (2, 128, 100, 100)   ------- (op: Conv)
INFO net.py: 240: res3_3_branch2b             : (2, 128, 100, 100)   => res3_3_branch2b             : (2, 128, 100, 100)   ------- (op: AffineChannel)
INFO net.py: 240: res3_3_branch2b             : (2, 128, 100, 100)   => res3_3_branch2b             : (2, 128, 100, 100)   ------- (op: Relu)
INFO net.py: 240: res3_3_branch2b             : (2, 128, 100, 100)   => res3_3_branch2c             : (2, 512, 100, 100)   ------- (op: Conv)
INFO net.py: 240: res3_3_branch2c             : (2, 512, 100, 100)   => res3_3_branch2c_bn          : (2, 512, 100, 100)   ------- (op: AffineChannel)
INFO net.py: 240: res3_3_branch2c_bn          : (2, 512, 100, 100)   => res3_3_sum                  : (2, 512, 100, 100)   ------- (op: Sum)
INFO net.py: 240: res3_2_branch2c_bn          : (2, 512, 100, 100)   => res3_3_sum                  : (2, 512, 100, 100)   ------|
INFO net.py: 240: res3_3_sum                  : (2, 512, 100, 100)   => res3_3_sum                  : (2, 512, 100, 100)   ------- (op: Relu)
INFO net.py: 240: res3_3_sum                  : (2, 512, 100, 100)   => res4_0_branch2a             : (2, 256, 50, 50)     ------- (op: Conv)
INFO net.py: 240: res4_0_branch2a             : (2, 256, 50, 50)     => res4_0_branch2a             : (2, 256, 50, 50)     ------- (op: AffineChannel)
INFO net.py: 240: res4_0_branch2a             : (2, 256, 50, 50)     => res4_0_branch2a             : (2, 256, 50, 50)     ------- (op: Relu)
INFO net.py: 240: res4_0_branch2a             : (2, 256, 50, 50)     => res4_0_branch2b             : (2, 256, 50, 50)     ------- (op: Conv)
INFO net.py: 240: res4_0_branch2b             : (2, 256, 50, 50)     => res4_0_branch2b             : (2, 256, 50, 50)     ------- (op: AffineChannel)
INFO net.py: 240: res4_0_branch2b             : (2, 256, 50, 50)     => res4_0_branch2b             : (2, 256, 50, 50)     ------- (op: Relu)
INFO net.py: 240: res4_0_branch2b             : (2, 256, 50, 50)     => res4_0_branch2c             : (2, 1024, 50, 50)    ------- (op: Conv)
INFO net.py: 240: res4_0_branch2c             : (2, 1024, 50, 50)    => res4_0_branch2c_bn          : (2, 1024, 50, 50)    ------- (op: AffineChannel)
INFO net.py: 240: res3_3_sum                  : (2, 512, 100, 100)   => res4_0_branch1              : (2, 1024, 50, 50)    ------- (op: Conv)
INFO net.py: 240: res4_0_branch1              : (2, 1024, 50, 50)    => res4_0_branch1_bn           : (2, 1024, 50, 50)    ------- (op: AffineChannel)
INFO net.py: 240: res4_0_branch2c_bn          : (2, 1024, 50, 50)    => res4_0_branch2c_bn          : (2, 1024, 50, 50)    ------- (op: Sum)
INFO net.py: 240: res4_0_branch1_bn           : (2, 1024, 50, 50)    => res4_0_branch2c_bn          : (2, 1024, 50, 50)    ------|
INFO net.py: 240: res4_0_branch2c_bn          : (2, 1024, 50, 50)    => res4_0_branch2c_bn          : (2, 1024, 50, 50)    ------- (op: Relu)
INFO net.py: 240: res4_0_branch2c_bn          : (2, 1024, 50, 50)    => res4_1_branch2a             : (2, 256, 50, 50)     ------- (op: Conv)
INFO net.py: 240: res4_1_branch2a             : (2, 256, 50, 50)     => res4_1_branch2a             : (2, 256, 50, 50)     ------- (op: AffineChannel)
INFO net.py: 240: res4_1_branch2a             : (2, 256, 50, 50)     => res4_1_branch2a             : (2, 256, 50, 50)     ------- (op: Relu)
INFO net.py: 240: res4_1_branch2a             : (2, 256, 50, 50)     => res4_1_branch2b             : (2, 256, 50, 50)     ------- (op: Conv)
INFO net.py: 240: res4_1_branch2b             : (2, 256, 50, 50)     => res4_1_branch2b             : (2, 256, 50, 50)     ------- (op: AffineChannel)
INFO net.py: 240: res4_1_branch2b             : (2, 256, 50, 50)     => res4_1_branch2b             : (2, 256, 50, 50)     ------- (op: Relu)
INFO net.py: 240: res4_1_branch2b             : (2, 256, 50, 50)     => res4_1_branch2c             : (2, 1024, 50, 50)    ------- (op: Conv)
INFO net.py: 240: res4_1_branch2c             : (2, 1024, 50, 50)    => res4_1_branch2c_bn          : (2, 1024, 50, 50)    ------- (op: AffineChannel)
INFO net.py: 240: res4_1_branch2c_bn          : (2, 1024, 50, 50)    => res4_1_branch2c_bn          : (2, 1024, 50, 50)    ------- (op: Sum)
INFO net.py: 240: res4_0_branch2c_bn          : (2, 1024, 50, 50)    => res4_1_branch2c_bn          : (2, 1024, 50, 50)    ------|
INFO net.py: 240: res4_1_branch2c_bn          : (2, 1024, 50, 50)    => res4_1_branch2c_bn          : (2, 1024, 50, 50)    ------- (op: Relu)
INFO net.py: 240: res4_1_branch2c_bn          : (2, 1024, 50, 50)    => res4_2_branch2a             : (2, 256, 50, 50)     ------- (op: Conv)
INFO net.py: 240: res4_2_branch2a             : (2, 256, 50, 50)     => res4_2_branch2a             : (2, 256, 50, 50)     ------- (op: AffineChannel)
INFO net.py: 240: res4_2_branch2a             : (2, 256, 50, 50)     => res4_2_branch2a             : (2, 256, 50, 50)     ------- (op: Relu)
INFO net.py: 240: res4_2_branch2a             : (2, 256, 50, 50)     => res4_2_branch2b             : (2, 256, 50, 50)     ------- (op: Conv)
INFO net.py: 240: res4_2_branch2b             : (2, 256, 50, 50)     => res4_2_branch2b             : (2, 256, 50, 50)     ------- (op: AffineChannel)
INFO net.py: 240: res4_2_branch2b             : (2, 256, 50, 50)     => res4_2_branch2b             : (2, 256, 50, 50)     ------- (op: Relu)
INFO net.py: 240: res4_2_branch2b             : (2, 256, 50, 50)     => res4_2_branch2c             : (2, 1024, 50, 50)    ------- (op: Conv)
INFO net.py: 240: res4_2_branch2c             : (2, 1024, 50, 50)    => res4_2_branch2c_bn          : (2, 1024, 50, 50)    ------- (op: AffineChannel)
INFO net.py: 240: res4_2_branch2c_bn          : (2, 1024, 50, 50)    => res4_2_branch2c_bn          : (2, 1024, 50, 50)    ------- (op: Sum)
INFO net.py: 240: res4_1_branch2c_bn          : (2, 1024, 50, 50)    => res4_2_branch2c_bn          : (2, 1024, 50, 50)    ------|
INFO net.py: 240: res4_2_branch2c_bn          : (2, 1024, 50, 50)    => res4_2_branch2c_bn          : (2, 1024, 50, 50)    ------- (op: Relu)
INFO net.py: 240: res4_2_branch2c_bn          : (2, 1024, 50, 50)    => res4_3_branch2a             : (2, 256, 50, 50)     ------- (op: Conv)
INFO net.py: 240: res4_3_branch2a             : (2, 256, 50, 50)     => res4_3_branch2a             : (2, 256, 50, 50)     ------- (op: AffineChannel)
INFO net.py: 240: res4_3_branch2a             : (2, 256, 50, 50)     => res4_3_branch2a             : (2, 256, 50, 50)     ------- (op: Relu)
INFO net.py: 240: res4_3_branch2a             : (2, 256, 50, 50)     => res4_3_branch2b             : (2, 256, 50, 50)     ------- (op: Conv)
INFO net.py: 240: res4_3_branch2b             : (2, 256, 50, 50)     => res4_3_branch2b             : (2, 256, 50, 50)     ------- (op: AffineChannel)
INFO net.py: 240: res4_3_branch2b             : (2, 256, 50, 50)     => res4_3_branch2b             : (2, 256, 50, 50)     ------- (op: Relu)
INFO net.py: 240: res4_3_branch2b             : (2, 256, 50, 50)     => res4_3_branch2c             : (2, 1024, 50, 50)    ------- (op: Conv)
INFO net.py: 240: res4_3_branch2c             : (2, 1024, 50, 50)    => res4_3_branch2c_bn          : (2, 1024, 50, 50)    ------- (op: AffineChannel)
INFO net.py: 240: res4_3_branch2c_bn          : (2, 1024, 50, 50)    => res4_3_branch2c_bn          : (2, 1024, 50, 50)    ------- (op: Sum)
INFO net.py: 240: res4_2_branch2c_bn          : (2, 1024, 50, 50)    => res4_3_branch2c_bn          : (2, 1024, 50, 50)    ------|
INFO net.py: 240: res4_3_branch2c_bn          : (2, 1024, 50, 50)    => res4_3_branch2c_bn          : (2, 1024, 50, 50)    ------- (op: Relu)
INFO net.py: 240: res4_3_branch2c_bn          : (2, 1024, 50, 50)    => res4_4_branch2a             : (2, 256, 50, 50)     ------- (op: Conv)
INFO net.py: 240: res4_4_branch2a             : (2, 256, 50, 50)     => res4_4_branch2a             : (2, 256, 50, 50)     ------- (op: AffineChannel)
INFO net.py: 240: res4_4_branch2a             : (2, 256, 50, 50)     => res4_4_branch2a             : (2, 256, 50, 50)     ------- (op: Relu)
INFO net.py: 240: res4_4_branch2a             : (2, 256, 50, 50)     => res4_4_branch2b             : (2, 256, 50, 50)     ------- (op: Conv)
INFO net.py: 240: res4_4_branch2b             : (2, 256, 50, 50)     => res4_4_branch2b             : (2, 256, 50, 50)     ------- (op: AffineChannel)
INFO net.py: 240: res4_4_branch2b             : (2, 256, 50, 50)     => res4_4_branch2b             : (2, 256, 50, 50)     ------- (op: Relu)
INFO net.py: 240: res4_4_branch2b             : (2, 256, 50, 50)     => res4_4_branch2c             : (2, 1024, 50, 50)    ------- (op: Conv)
INFO net.py: 240: res4_4_branch2c             : (2, 1024, 50, 50)    => res4_4_branch2c_bn          : (2, 1024, 50, 50)    ------- (op: AffineChannel)
INFO net.py: 240: res4_4_branch2c_bn          : (2, 1024, 50, 50)    => res4_4_branch2c_bn          : (2, 1024, 50, 50)    ------- (op: Sum)
INFO net.py: 240: res4_3_branch2c_bn          : (2, 1024, 50, 50)    => res4_4_branch2c_bn          : (2, 1024, 50, 50)    ------|
INFO net.py: 240: res4_4_branch2c_bn          : (2, 1024, 50, 50)    => res4_4_branch2c_bn          : (2, 1024, 50, 50)    ------- (op: Relu)
INFO net.py: 240: res4_4_branch2c_bn          : (2, 1024, 50, 50)    => res4_5_branch2a             : (2, 256, 50, 50)     ------- (op: Conv)
INFO net.py: 240: res4_5_branch2a             : (2, 256, 50, 50)     => res4_5_branch2a             : (2, 256, 50, 50)     ------- (op: AffineChannel)
INFO net.py: 240: res4_5_branch2a             : (2, 256, 50, 50)     => res4_5_branch2a             : (2, 256, 50, 50)     ------- (op: Relu)
INFO net.py: 240: res4_5_branch2a             : (2, 256, 50, 50)     => res4_5_branch2b             : (2, 256, 50, 50)     ------- (op: Conv)
INFO net.py: 240: res4_5_branch2b             : (2, 256, 50, 50)     => res4_5_branch2b             : (2, 256, 50, 50)     ------- (op: AffineChannel)
INFO net.py: 240: res4_5_branch2b             : (2, 256, 50, 50)     => res4_5_branch2b             : (2, 256, 50, 50)     ------- (op: Relu)
INFO net.py: 240: res4_5_branch2b             : (2, 256, 50, 50)     => res4_5_branch2c             : (2, 1024, 50, 50)    ------- (op: Conv)
INFO net.py: 240: res4_5_branch2c             : (2, 1024, 50, 50)    => res4_5_branch2c_bn          : (2, 1024, 50, 50)    ------- (op: AffineChannel)
INFO net.py: 240: res4_5_branch2c_bn          : (2, 1024, 50, 50)    => res4_5_sum                  : (2, 1024, 50, 50)    ------- (op: Sum)
INFO net.py: 240: res4_4_branch2c_bn          : (2, 1024, 50, 50)    => res4_5_sum                  : (2, 1024, 50, 50)    ------|
INFO net.py: 240: res4_5_sum                  : (2, 1024, 50, 50)    => res4_5_sum                  : (2, 1024, 50, 50)    ------- (op: Relu)
INFO net.py: 240: res4_5_sum                  : (2, 1024, 50, 50)    => res5_0_branch2a             : (2, 512, 25, 25)     ------- (op: Conv)
INFO net.py: 240: res5_0_branch2a             : (2, 512, 25, 25)     => res5_0_branch2a             : (2, 512, 25, 25)     ------- (op: AffineChannel)
INFO net.py: 240: res5_0_branch2a             : (2, 512, 25, 25)     => res5_0_branch2a             : (2, 512, 25, 25)     ------- (op: Relu)
INFO net.py: 240: res5_0_branch2a             : (2, 512, 25, 25)     => res5_0_branch2b             : (2, 512, 25, 25)     ------- (op: Conv)
INFO net.py: 240: res5_0_branch2b             : (2, 512, 25, 25)     => res5_0_branch2b             : (2, 512, 25, 25)     ------- (op: AffineChannel)
INFO net.py: 240: res5_0_branch2b             : (2, 512, 25, 25)     => res5_0_branch2b             : (2, 512, 25, 25)     ------- (op: Relu)
INFO net.py: 240: res5_0_branch2b             : (2, 512, 25, 25)     => res5_0_branch2c             : (2, 2048, 25, 25)    ------- (op: Conv)
INFO net.py: 240: res5_0_branch2c             : (2, 2048, 25, 25)    => res5_0_branch2c_bn          : (2, 2048, 25, 25)    ------- (op: AffineChannel)
INFO net.py: 240: res4_5_sum                  : (2, 1024, 50, 50)    => res5_0_branch1              : (2, 2048, 25, 25)    ------- (op: Conv)
INFO net.py: 240: res5_0_branch1              : (2, 2048, 25, 25)    => res5_0_branch1_bn           : (2, 2048, 25, 25)    ------- (op: AffineChannel)
INFO net.py: 240: res5_0_branch2c_bn          : (2, 2048, 25, 25)    => res5_0_branch2c_bn          : (2, 2048, 25, 25)    ------- (op: Sum)
INFO net.py: 240: res5_0_branch1_bn           : (2, 2048, 25, 25)    => res5_0_branch2c_bn          : (2, 2048, 25, 25)    ------|
INFO net.py: 240: res5_0_branch2c_bn          : (2, 2048, 25, 25)    => res5_0_branch2c_bn          : (2, 2048, 25, 25)    ------- (op: Relu)
INFO net.py: 240: res5_0_branch2c_bn          : (2, 2048, 25, 25)    => res5_1_branch2a             : (2, 512, 25, 25)     ------- (op: Conv)
INFO net.py: 240: res5_1_branch2a             : (2, 512, 25, 25)     => res5_1_branch2a             : (2, 512, 25, 25)     ------- (op: AffineChannel)
INFO net.py: 240: res5_1_branch2a             : (2, 512, 25, 25)     => res5_1_branch2a             : (2, 512, 25, 25)     ------- (op: Relu)
INFO net.py: 240: res5_1_branch2a             : (2, 512, 25, 25)     => res5_1_branch2b             : (2, 512, 25, 25)     ------- (op: Conv)
INFO net.py: 240: res5_1_branch2b             : (2, 512, 25, 25)     => res5_1_branch2b             : (2, 512, 25, 25)     ------- (op: AffineChannel)
INFO net.py: 240: res5_1_branch2b             : (2, 512, 25, 25)     => res5_1_branch2b             : (2, 512, 25, 25)     ------- (op: Relu)
INFO net.py: 240: res5_1_branch2b             : (2, 512, 25, 25)     => res5_1_branch2c             : (2, 2048, 25, 25)    ------- (op: Conv)
INFO net.py: 240: res5_1_branch2c             : (2, 2048, 25, 25)    => res5_1_branch2c_bn          : (2, 2048, 25, 25)    ------- (op: AffineChannel)
INFO net.py: 240: res5_1_branch2c_bn          : (2, 2048, 25, 25)    => res5_1_branch2c_bn          : (2, 2048, 25, 25)    ------- (op: Sum)
INFO net.py: 240: res5_0_branch2c_bn          : (2, 2048, 25, 25)    => res5_1_branch2c_bn          : (2, 2048, 25, 25)    ------|
INFO net.py: 240: res5_1_branch2c_bn          : (2, 2048, 25, 25)    => res5_1_branch2c_bn          : (2, 2048, 25, 25)    ------- (op: Relu)
INFO net.py: 240: res5_1_branch2c_bn          : (2, 2048, 25, 25)    => res5_2_branch2a             : (2, 512, 25, 25)     ------- (op: Conv)
INFO net.py: 240: res5_2_branch2a             : (2, 512, 25, 25)     => res5_2_branch2a             : (2, 512, 25, 25)     ------- (op: AffineChannel)
INFO net.py: 240: res5_2_branch2a             : (2, 512, 25, 25)     => res5_2_branch2a             : (2, 512, 25, 25)     ------- (op: Relu)
INFO net.py: 240: res5_2_branch2a             : (2, 512, 25, 25)     => res5_2_branch2b             : (2, 512, 25, 25)     ------- (op: Conv)
INFO net.py: 240: res5_2_branch2b             : (2, 512, 25, 25)     => res5_2_branch2b             : (2, 512, 25, 25)     ------- (op: AffineChannel)
INFO net.py: 240: res5_2_branch2b             : (2, 512, 25, 25)     => res5_2_branch2b             : (2, 512, 25, 25)     ------- (op: Relu)
INFO net.py: 240: res5_2_branch2b             : (2, 512, 25, 25)     => res5_2_branch2c             : (2, 2048, 25, 25)    ------- (op: Conv)
INFO net.py: 240: res5_2_branch2c             : (2, 2048, 25, 25)    => res5_2_branch2c_bn          : (2, 2048, 25, 25)    ------- (op: AffineChannel)
INFO net.py: 240: res5_2_branch2c_bn          : (2, 2048, 25, 25)    => res5_2_sum                  : (2, 2048, 25, 25)    ------- (op: Sum)
INFO net.py: 240: res5_1_branch2c_bn          : (2, 2048, 25, 25)    => res5_2_sum                  : (2, 2048, 25, 25)    ------|
INFO net.py: 240: res5_2_sum                  : (2, 2048, 25, 25)    => res5_2_sum                  : (2, 2048, 25, 25)    ------- (op: Relu)
INFO net.py: 240: res5_2_sum                  : (2, 2048, 25, 25)    => fpn_inner_res5_2_sum        : (2, 256, 25, 25)     ------- (op: Conv)
INFO net.py: 240: res4_5_sum                  : (2, 1024, 50, 50)    => fpn_inner_res4_5_sum_lateral: (2, 256, 50, 50)     ------- (op: Conv)
INFO net.py: 240: fpn_inner_res5_2_sum        : (2, 256, 25, 25)     => fpn_inner_res4_5_sum_topdown: (2, 256, 50, 50)     ------- (op: UpsampleNearest)
INFO net.py: 240: fpn_inner_res4_5_sum_lateral: (2, 256, 50, 50)     => fpn_inner_res4_5_sum        : (2, 256, 50, 50)     ------- (op: Sum)
INFO net.py: 240: fpn_inner_res4_5_sum_topdown: (2, 256, 50, 50)     => fpn_inner_res4_5_sum        : (2, 256, 50, 50)     ------|
INFO net.py: 240: res3_3_sum                  : (2, 512, 100, 100)   => fpn_inner_res3_3_sum_lateral: (2, 256, 100, 100)   ------- (op: Conv)
INFO net.py: 240: fpn_inner_res4_5_sum        : (2, 256, 50, 50)     => fpn_inner_res3_3_sum_topdown: (2, 256, 100, 100)   ------- (op: UpsampleNearest)
INFO net.py: 240: fpn_inner_res3_3_sum_lateral: (2, 256, 100, 100)   => fpn_inner_res3_3_sum        : (2, 256, 100, 100)   ------- (op: Sum)
INFO net.py: 240: fpn_inner_res3_3_sum_topdown: (2, 256, 100, 100)   => fpn_inner_res3_3_sum        : (2, 256, 100, 100)   ------|
INFO net.py: 240: res2_2_sum                  : (2, 256, 200, 200)   => fpn_inner_res2_2_sum_lateral: (2, 256, 200, 200)   ------- (op: Conv)
INFO net.py: 240: fpn_inner_res3_3_sum        : (2, 256, 100, 100)   => fpn_inner_res2_2_sum_topdown: (2, 256, 200, 200)   ------- (op: UpsampleNearest)
INFO net.py: 240: fpn_inner_res2_2_sum_lateral: (2, 256, 200, 200)   => fpn_inner_res2_2_sum        : (2, 256, 200, 200)   ------- (op: Sum)
INFO net.py: 240: fpn_inner_res2_2_sum_topdown: (2, 256, 200, 200)   => fpn_inner_res2_2_sum        : (2, 256, 200, 200)   ------|
INFO net.py: 240: fpn_inner_res5_2_sum        : (2, 256, 25, 25)     => fpn_res5_2_sum              : (2, 256, 25, 25)     ------- (op: Conv)
INFO net.py: 240: fpn_inner_res4_5_sum        : (2, 256, 50, 50)     => fpn_res4_5_sum              : (2, 256, 50, 50)     ------- (op: Conv)
INFO net.py: 240: fpn_inner_res3_3_sum        : (2, 256, 100, 100)   => fpn_res3_3_sum              : (2, 256, 100, 100)   ------- (op: Conv)
INFO net.py: 240: fpn_inner_res2_2_sum        : (2, 256, 200, 200)   => fpn_res2_2_sum              : (2, 256, 200, 200)   ------- (op: Conv)
INFO net.py: 240: fpn_res5_2_sum              : (2, 256, 25, 25)     => fpn_res5_2_sum_subsampled_2x: (2, 256, 13, 13)     ------- (op: MaxPool)
INFO net.py: 240: fpn_res2_2_sum              : (2, 256, 200, 200)   => conv_rpn_fpn2               : (2, 256, 200, 200)   ------- (op: Conv)
INFO net.py: 240: conv_rpn_fpn2               : (2, 256, 200, 200)   => conv_rpn_fpn2               : (2, 256, 200, 200)   ------- (op: Relu)
INFO net.py: 240: conv_rpn_fpn2               : (2, 256, 200, 200)   => rpn_cls_logits_fpn2         : (2, 3, 200, 200)     ------- (op: Conv)
INFO net.py: 240: conv_rpn_fpn2               : (2, 256, 200, 200)   => rpn_bbox_pred_fpn2          : (2, 12, 200, 200)    ------- (op: Conv)
INFO net.py: 240: rpn_cls_logits_fpn2         : (2, 3, 200, 200)     => rpn_cls_probs_fpn2          : (2, 3, 200, 200)     ------- (op: Sigmoid)
INFO net.py: 240: rpn_cls_probs_fpn2          : (2, 3, 200, 200)     => rpn_rois_fpn2               : (1792, 5)            ------- (op: Python:GenerateProposalsOp:gpu_0/rpn_cls_probs_fpn2,gpu_0/rpn_bbox_pred_fpn2,im_info)
INFO net.py: 240: rpn_bbox_pred_fpn2          : (2, 12, 200, 200)    => rpn_rois_fpn2               : (1792, 5)            ------|
INFO net.py: 240: im_info                     : (2, 3)               => rpn_rois_fpn2               : (1792, 5)            ------|
INFO net.py: 240: fpn_res3_3_sum              : (2, 256, 100, 100)   => conv_rpn_fpn3               : (2, 256, 100, 100)   ------- (op: Conv)
INFO net.py: 240: conv_rpn_fpn3               : (2, 256, 100, 100)   => conv_rpn_fpn3               : (2, 256, 100, 100)   ------- (op: Relu)
INFO net.py: 240: conv_rpn_fpn3               : (2, 256, 100, 100)   => rpn_cls_logits_fpn3         : (2, 3, 100, 100)     ------- (op: Conv)
INFO net.py: 240: conv_rpn_fpn3               : (2, 256, 100, 100)   => rpn_bbox_pred_fpn3          : (2, 12, 100, 100)    ------- (op: Conv)
INFO net.py: 240: rpn_cls_logits_fpn3         : (2, 3, 100, 100)     => rpn_cls_probs_fpn3          : (2, 3, 100, 100)     ------- (op: Sigmoid)
INFO net.py: 240: rpn_cls_probs_fpn3          : (2, 3, 100, 100)     => rpn_rois_fpn3               : (1907, 5)            ------- (op: Python:GenerateProposalsOp:gpu_0/rpn_cls_probs_fpn3,gpu_0/rpn_bbox_pred_fpn3,im_info)
INFO net.py: 240: rpn_bbox_pred_fpn3          : (2, 12, 100, 100)    => rpn_rois_fpn3               : (1907, 5)            ------|
INFO net.py: 240: im_info                     : (2, 3)               => rpn_rois_fpn3               : (1907, 5)            ------|
INFO net.py: 240: fpn_res4_5_sum              : (2, 256, 50, 50)     => conv_rpn_fpn4               : (2, 256, 50, 50)     ------- (op: Conv)
INFO net.py: 240: conv_rpn_fpn4               : (2, 256, 50, 50)     => conv_rpn_fpn4               : (2, 256, 50, 50)     ------- (op: Relu)
INFO net.py: 240: conv_rpn_fpn4               : (2, 256, 50, 50)     => rpn_cls_logits_fpn4         : (2, 3, 50, 50)       ------- (op: Conv)
INFO net.py: 240: conv_rpn_fpn4               : (2, 256, 50, 50)     => rpn_bbox_pred_fpn4          : (2, 12, 50, 50)      ------- (op: Conv)
INFO net.py: 240: rpn_cls_logits_fpn4         : (2, 3, 50, 50)       => rpn_cls_probs_fpn4          : (2, 3, 50, 50)       ------- (op: Sigmoid)
INFO net.py: 240: rpn_cls_probs_fpn4          : (2, 3, 50, 50)       => rpn_rois_fpn4               : (1624, 5)            ------- (op: Python:GenerateProposalsOp:gpu_0/rpn_cls_probs_fpn4,gpu_0/rpn_bbox_pred_fpn4,im_info)
INFO net.py: 240: rpn_bbox_pred_fpn4          : (2, 12, 50, 50)      => rpn_rois_fpn4               : (1624, 5)            ------|
INFO net.py: 240: im_info                     : (2, 3)               => rpn_rois_fpn4               : (1624, 5)            ------|
INFO net.py: 240: fpn_res5_2_sum              : (2, 256, 25, 25)     => conv_rpn_fpn5               : (2, 256, 25, 25)     ------- (op: Conv)
INFO net.py: 240: conv_rpn_fpn5               : (2, 256, 25, 25)     => conv_rpn_fpn5               : (2, 256, 25, 25)     ------- (op: Relu)
INFO net.py: 240: conv_rpn_fpn5               : (2, 256, 25, 25)     => rpn_cls_logits_fpn5         : (2, 3, 25, 25)       ------- (op: Conv)
INFO net.py: 240: conv_rpn_fpn5               : (2, 256, 25, 25)     => rpn_bbox_pred_fpn5          : (2, 12, 25, 25)      ------- (op: Conv)
INFO net.py: 240: rpn_cls_logits_fpn5         : (2, 3, 25, 25)       => rpn_cls_probs_fpn5          : (2, 3, 25, 25)       ------- (op: Sigmoid)
INFO net.py: 240: rpn_cls_probs_fpn5          : (2, 3, 25, 25)       => rpn_rois_fpn5               : (1108, 5)            ------- (op: Python:GenerateProposalsOp:gpu_0/rpn_cls_probs_fpn5,gpu_0/rpn_bbox_pred_fpn5,im_info)
INFO net.py: 240: rpn_bbox_pred_fpn5          : (2, 12, 25, 25)      => rpn_rois_fpn5               : (1108, 5)            ------|
INFO net.py: 240: im_info                     : (2, 3)               => rpn_rois_fpn5               : (1108, 5)            ------|
INFO net.py: 240: fpn_res5_2_sum_subsampled_2x: (2, 256, 13, 13)     => conv_rpn_fpn6               : (2, 256, 13, 13)     ------- (op: Conv)
INFO net.py: 240: conv_rpn_fpn6               : (2, 256, 13, 13)     => conv_rpn_fpn6               : (2, 256, 13, 13)     ------- (op: Relu)
INFO net.py: 240: conv_rpn_fpn6               : (2, 256, 13, 13)     => rpn_cls_logits_fpn6         : (2, 3, 13, 13)       ------- (op: Conv)
INFO net.py: 240: conv_rpn_fpn6               : (2, 256, 13, 13)     => rpn_bbox_pred_fpn6          : (2, 12, 13, 13)      ------- (op: Conv)
INFO net.py: 240: rpn_cls_logits_fpn6         : (2, 3, 13, 13)       => rpn_cls_probs_fpn6          : (2, 3, 13, 13)       ------- (op: Sigmoid)
INFO net.py: 240: rpn_cls_probs_fpn6          : (2, 3, 13, 13)       => rpn_rois_fpn6               : (217, 5)             ------- (op: Python:GenerateProposalsOp:gpu_0/rpn_cls_probs_fpn6,gpu_0/rpn_bbox_pred_fpn6,im_info)
INFO net.py: 240: rpn_bbox_pred_fpn6          : (2, 12, 13, 13)      => rpn_rois_fpn6               : (217, 5)             ------|
INFO net.py: 240: im_info                     : (2, 3)               => rpn_rois_fpn6               : (217, 5)             ------|
INFO net.py: 240: rpn_rois_fpn2               : (1792, 5)            => rois                        : (1024, 5)            ------- (op: Python:CollectAndDistributeFpnRpnProposalsOp:gpu_0/rpn_rois_fpn2,gpu_0/rpn_rois_fpn3,gpu_0/rpn_rois_fpn4,gpu_0/rpn_rois_fpn5,gpu_0/rpn_rois_fpn6,gpu_0/rpn_roi_probs_fpn2,gpu_0/rpn_roi_probs_fpn3,gpu_0/rpn_roi_probs_fpn4,gpu_0/rpn_roi_probs_fpn5,gpu_0/rpn_roi_probs_fpn6,gpu_0/roidb,gpu_0/im_info)
INFO net.py: 240: rpn_rois_fpn3               : (1907, 5)            => rois                        : (1024, 5)            ------|
INFO net.py: 240: rpn_rois_fpn4               : (1624, 5)            => rois                        : (1024, 5)            ------|
INFO net.py: 240: rpn_rois_fpn5               : (1108, 5)            => rois                        : (1024, 5)            ------|
INFO net.py: 240: rpn_rois_fpn6               : (217, 5)             => rois                        : (1024, 5)            ------|
INFO net.py: 240: rpn_roi_probs_fpn2          : (1792, 1)            => rois                        : (1024, 5)            ------|
INFO net.py: 240: rpn_roi_probs_fpn3          : (1907, 1)            => rois                        : (1024, 5)            ------|
INFO net.py: 240: rpn_roi_probs_fpn4          : (1624, 1)            => rois                        : (1024, 5)            ------|
INFO net.py: 240: rpn_roi_probs_fpn5          : (1108, 1)            => rois                        : (1024, 5)            ------|
INFO net.py: 240: rpn_roi_probs_fpn6          : (217, 1)             => rois                        : (1024, 5)            ------|
INFO net.py: 240: roidb                       : (85252,)             => rois                        : (1024, 5)            ------|
INFO net.py: 240: im_info                     : (2, 3)               => rois                        : (1024, 5)            ------|
INFO net.py: 240: rpn_labels_int32_wide_fpn2  : (2, 3, 336, 336)     => rpn_labels_int32_fpn2       : (2, 3, 200, 200)     ------- (op: SpatialNarrowAs)
INFO net.py: 240: rpn_cls_logits_fpn2         : (2, 3, 200, 200)     => rpn_labels_int32_fpn2       : (2, 3, 200, 200)     ------|
INFO net.py: 240: rpn_bbox_targets_wide_fpn2  : (2, 12, 336, 336)    => rpn_bbox_targets_fpn2       : (2, 12, 200, 200)    ------- (op: SpatialNarrowAs)
INFO net.py: 240: rpn_bbox_pred_fpn2          : (2, 12, 200, 200)    => rpn_bbox_targets_fpn2       : (2, 12, 200, 200)    ------|
INFO net.py: 240: rpn_bbox_inside_weights_wide_fpn2: (2, 12, 336, 336)    => rpn_bbox_inside_weights_fpn2: (2, 12, 200, 200)    ------- (op: SpatialNarrowAs)
INFO net.py: 240: rpn_bbox_pred_fpn2          : (2, 12, 200, 200)    => rpn_bbox_inside_weights_fpn2: (2, 12, 200, 200)    ------|
INFO net.py: 240: rpn_bbox_outside_weights_wide_fpn2: (2, 12, 336, 336)    => rpn_bbox_outside_weights_fpn2: (2, 12, 200, 200)    ------- (op: SpatialNarrowAs)
INFO net.py: 240: rpn_bbox_pred_fpn2          : (2, 12, 200, 200)    => rpn_bbox_outside_weights_fpn2: (2, 12, 200, 200)    ------|
INFO net.py: 240: rpn_cls_logits_fpn2         : (2, 3, 200, 200)     => loss_rpn_cls_fpn2           : ()                   ------- (op: SigmoidCrossEntropyLoss)
INFO net.py: 240: rpn_labels_int32_fpn2       : (2, 3, 200, 200)     => loss_rpn_cls_fpn2           : ()                   ------|
INFO net.py: 240: rpn_bbox_pred_fpn2          : (2, 12, 200, 200)    => loss_rpn_bbox_fpn2          : ()                   ------- (op: SmoothL1Loss)
INFO net.py: 240: rpn_bbox_targets_fpn2       : (2, 12, 200, 200)    => loss_rpn_bbox_fpn2          : ()                   ------|
INFO net.py: 240: rpn_bbox_inside_weights_fpn2: (2, 12, 200, 200)    => loss_rpn_bbox_fpn2          : ()                   ------|
INFO net.py: 240: rpn_bbox_outside_weights_fpn2: (2, 12, 200, 200)    => loss_rpn_bbox_fpn2          : ()                   ------|
INFO net.py: 240: rpn_labels_int32_wide_fpn3  : (2, 3, 168, 168)     => rpn_labels_int32_fpn3       : (2, 3, 100, 100)     ------- (op: SpatialNarrowAs)
INFO net.py: 240: rpn_cls_logits_fpn3         : (2, 3, 100, 100)     => rpn_labels_int32_fpn3       : (2, 3, 100, 100)     ------|
INFO net.py: 240: rpn_bbox_targets_wide_fpn3  : (2, 12, 168, 168)    => rpn_bbox_targets_fpn3       : (2, 12, 100, 100)    ------- (op: SpatialNarrowAs)
INFO net.py: 240: rpn_bbox_pred_fpn3          : (2, 12, 100, 100)    => rpn_bbox_targets_fpn3       : (2, 12, 100, 100)    ------|
INFO net.py: 240: rpn_bbox_inside_weights_wide_fpn3: (2, 12, 168, 168)    => rpn_bbox_inside_weights_fpn3: (2, 12, 100, 100)    ------- (op: SpatialNarrowAs)
INFO net.py: 240: rpn_bbox_pred_fpn3          : (2, 12, 100, 100)    => rpn_bbox_inside_weights_fpn3: (2, 12, 100, 100)    ------|
INFO net.py: 240: rpn_bbox_outside_weights_wide_fpn3: (2, 12, 168, 168)    => rpn_bbox_outside_weights_fpn3: (2, 12, 100, 100)    ------- (op: SpatialNarrowAs)
INFO net.py: 240: rpn_bbox_pred_fpn3          : (2, 12, 100, 100)    => rpn_bbox_outside_weights_fpn3: (2, 12, 100, 100)    ------|
INFO net.py: 240: rpn_cls_logits_fpn3         : (2, 3, 100, 100)     => loss_rpn_cls_fpn3           : ()                   ------- (op: SigmoidCrossEntropyLoss)
INFO net.py: 240: rpn_labels_int32_fpn3       : (2, 3, 100, 100)     => loss_rpn_cls_fpn3           : ()                   ------|
INFO net.py: 240: rpn_bbox_pred_fpn3          : (2, 12, 100, 100)    => loss_rpn_bbox_fpn3          : ()                   ------- (op: SmoothL1Loss)
INFO net.py: 240: rpn_bbox_targets_fpn3       : (2, 12, 100, 100)    => loss_rpn_bbox_fpn3          : ()                   ------|
INFO net.py: 240: rpn_bbox_inside_weights_fpn3: (2, 12, 100, 100)    => loss_rpn_bbox_fpn3          : ()                   ------|
INFO net.py: 240: rpn_bbox_outside_weights_fpn3: (2, 12, 100, 100)    => loss_rpn_bbox_fpn3          : ()                   ------|
INFO net.py: 240: rpn_labels_int32_wide_fpn4  : (2, 3, 84, 84)       => rpn_labels_int32_fpn4       : (2, 3, 50, 50)       ------- (op: SpatialNarrowAs)
INFO net.py: 240: rpn_cls_logits_fpn4         : (2, 3, 50, 50)       => rpn_labels_int32_fpn4       : (2, 3, 50, 50)       ------|
INFO net.py: 240: rpn_bbox_targets_wide_fpn4  : (2, 12, 84, 84)      => rpn_bbox_targets_fpn4       : (2, 12, 50, 50)      ------- (op: SpatialNarrowAs)
INFO net.py: 240: rpn_bbox_pred_fpn4          : (2, 12, 50, 50)      => rpn_bbox_targets_fpn4       : (2, 12, 50, 50)      ------|
INFO net.py: 240: rpn_bbox_inside_weights_wide_fpn4: (2, 12, 84, 84)      => rpn_bbox_inside_weights_fpn4: (2, 12, 50, 50)      ------- (op: SpatialNarrowAs)
INFO net.py: 240: rpn_bbox_pred_fpn4          : (2, 12, 50, 50)      => rpn_bbox_inside_weights_fpn4: (2, 12, 50, 50)      ------|
INFO net.py: 240: rpn_bbox_outside_weights_wide_fpn4: (2, 12, 84, 84)      => rpn_bbox_outside_weights_fpn4: (2, 12, 50, 50)      ------- (op: SpatialNarrowAs)
INFO net.py: 240: rpn_bbox_pred_fpn4          : (2, 12, 50, 50)      => rpn_bbox_outside_weights_fpn4: (2, 12, 50, 50)      ------|
INFO net.py: 240: rpn_cls_logits_fpn4         : (2, 3, 50, 50)       => loss_rpn_cls_fpn4           : ()                   ------- (op: SigmoidCrossEntropyLoss)
INFO net.py: 240: rpn_labels_int32_fpn4       : (2, 3, 50, 50)       => loss_rpn_cls_fpn4           : ()                   ------|
INFO net.py: 240: rpn_bbox_pred_fpn4          : (2, 12, 50, 50)      => loss_rpn_bbox_fpn4          : ()                   ------- (op: SmoothL1Loss)
INFO net.py: 240: rpn_bbox_targets_fpn4       : (2, 12, 50, 50)      => loss_rpn_bbox_fpn4          : ()                   ------|
INFO net.py: 240: rpn_bbox_inside_weights_fpn4: (2, 12, 50, 50)      => loss_rpn_bbox_fpn4          : ()                   ------|
INFO net.py: 240: rpn_bbox_outside_weights_fpn4: (2, 12, 50, 50)      => loss_rpn_bbox_fpn4          : ()                   ------|
INFO net.py: 240: rpn_labels_int32_wide_fpn5  : (2, 3, 42, 42)       => rpn_labels_int32_fpn5       : (2, 3, 25, 25)       ------- (op: SpatialNarrowAs)
INFO net.py: 240: rpn_cls_logits_fpn5         : (2, 3, 25, 25)       => rpn_labels_int32_fpn5       : (2, 3, 25, 25)       ------|
INFO net.py: 240: rpn_bbox_targets_wide_fpn5  : (2, 12, 42, 42)      => rpn_bbox_targets_fpn5       : (2, 12, 25, 25)      ------- (op: SpatialNarrowAs)
INFO net.py: 240: rpn_bbox_pred_fpn5          : (2, 12, 25, 25)      => rpn_bbox_targets_fpn5       : (2, 12, 25, 25)      ------|
INFO net.py: 240: rpn_bbox_inside_weights_wide_fpn5: (2, 12, 42, 42)      => rpn_bbox_inside_weights_fpn5: (2, 12, 25, 25)      ------- (op: SpatialNarrowAs)
INFO net.py: 240: rpn_bbox_pred_fpn5          : (2, 12, 25, 25)      => rpn_bbox_inside_weights_fpn5: (2, 12, 25, 25)      ------|
INFO net.py: 240: rpn_bbox_outside_weights_wide_fpn5: (2, 12, 42, 42)      => rpn_bbox_outside_weights_fpn5: (2, 12, 25, 25)      ------- (op: SpatialNarrowAs)
INFO net.py: 240: rpn_bbox_pred_fpn5          : (2, 12, 25, 25)      => rpn_bbox_outside_weights_fpn5: (2, 12, 25, 25)      ------|
INFO net.py: 240: rpn_cls_logits_fpn5         : (2, 3, 25, 25)       => loss_rpn_cls_fpn5           : ()                   ------- (op: SigmoidCrossEntropyLoss)
INFO net.py: 240: rpn_labels_int32_fpn5       : (2, 3, 25, 25)       => loss_rpn_cls_fpn5           : ()                   ------|
INFO net.py: 240: rpn_bbox_pred_fpn5          : (2, 12, 25, 25)      => loss_rpn_bbox_fpn5          : ()                   ------- (op: SmoothL1Loss)
INFO net.py: 240: rpn_bbox_targets_fpn5       : (2, 12, 25, 25)      => loss_rpn_bbox_fpn5          : ()                   ------|
INFO net.py: 240: rpn_bbox_inside_weights_fpn5: (2, 12, 25, 25)      => loss_rpn_bbox_fpn5          : ()                   ------|
INFO net.py: 240: rpn_bbox_outside_weights_fpn5: (2, 12, 25, 25)      => loss_rpn_bbox_fpn5          : ()                   ------|
INFO net.py: 240: rpn_labels_int32_wide_fpn6  : (2, 3, 21, 21)       => rpn_labels_int32_fpn6       : (2, 3, 13, 13)       ------- (op: SpatialNarrowAs)
INFO net.py: 240: rpn_cls_logits_fpn6         : (2, 3, 13, 13)       => rpn_labels_int32_fpn6       : (2, 3, 13, 13)       ------|
INFO net.py: 240: rpn_bbox_targets_wide_fpn6  : (2, 12, 21, 21)      => rpn_bbox_targets_fpn6       : (2, 12, 13, 13)      ------- (op: SpatialNarrowAs)
INFO net.py: 240: rpn_bbox_pred_fpn6          : (2, 12, 13, 13)      => rpn_bbox_targets_fpn6       : (2, 12, 13, 13)      ------|
INFO net.py: 240: rpn_bbox_inside_weights_wide_fpn6: (2, 12, 21, 21)      => rpn_bbox_inside_weights_fpn6: (2, 12, 13, 13)      ------- (op: SpatialNarrowAs)
INFO net.py: 240: rpn_bbox_pred_fpn6          : (2, 12, 13, 13)      => rpn_bbox_inside_weights_fpn6: (2, 12, 13, 13)      ------|
INFO net.py: 240: rpn_bbox_outside_weights_wide_fpn6: (2, 12, 21, 21)      => rpn_bbox_outside_weights_fpn6: (2, 12, 13, 13)      ------- (op: SpatialNarrowAs)
INFO net.py: 240: rpn_bbox_pred_fpn6          : (2, 12, 13, 13)      => rpn_bbox_outside_weights_fpn6: (2, 12, 13, 13)      ------|
INFO net.py: 240: rpn_cls_logits_fpn6         : (2, 3, 13, 13)       => loss_rpn_cls_fpn6           : ()                   ------- (op: SigmoidCrossEntropyLoss)
INFO net.py: 240: rpn_labels_int32_fpn6       : (2, 3, 13, 13)       => loss_rpn_cls_fpn6           : ()                   ------|
INFO net.py: 240: rpn_bbox_pred_fpn6          : (2, 12, 13, 13)      => loss_rpn_bbox_fpn6          : ()                   ------- (op: SmoothL1Loss)
INFO net.py: 240: rpn_bbox_targets_fpn6       : (2, 12, 13, 13)      => loss_rpn_bbox_fpn6          : ()                   ------|
INFO net.py: 240: rpn_bbox_inside_weights_fpn6: (2, 12, 13, 13)      => loss_rpn_bbox_fpn6          : ()                   ------|
INFO net.py: 240: rpn_bbox_outside_weights_fpn6: (2, 12, 13, 13)      => loss_rpn_bbox_fpn6          : ()                   ------|
INFO net.py: 240: fpn_res2_2_sum              : (2, 256, 200, 200)   => roi_feat_fpn2               : (1011, 256, 7, 7)    ------- (op: RoIAlign)
INFO net.py: 240: rois_fpn2                   : (1011, 5)            => roi_feat_fpn2               : (1011, 256, 7, 7)    ------|
INFO net.py: 240: fpn_res3_3_sum              : (2, 256, 100, 100)   => roi_feat_fpn3               : (12, 256, 7, 7)      ------- (op: RoIAlign)
INFO net.py: 240: rois_fpn3                   : (12, 5)              => roi_feat_fpn3               : (12, 256, 7, 7)      ------|
INFO net.py: 240: fpn_res4_5_sum              : (2, 256, 50, 50)     => roi_feat_fpn4               : (0, 256, 7, 7)       ------- (op: RoIAlign)
INFO net.py: 240: rois_fpn4                   : (0, 5)               => roi_feat_fpn4               : (0, 256, 7, 7)       ------|
INFO net.py: 240: fpn_res5_2_sum              : (2, 256, 25, 25)     => roi_feat_fpn5               : (1, 256, 7, 7)       ------- (op: RoIAlign)
INFO net.py: 240: rois_fpn5                   : (1, 5)               => roi_feat_fpn5               : (1, 256, 7, 7)       ------|
INFO net.py: 240: roi_feat_fpn2               : (1011, 256, 7, 7)    => roi_feat_shuffled           : (1024, 256, 7, 7)    ------- (op: Concat)
INFO net.py: 240: roi_feat_fpn3               : (12, 256, 7, 7)      => roi_feat_shuffled           : (1024, 256, 7, 7)    ------|
INFO net.py: 240: roi_feat_fpn4               : (0, 256, 7, 7)       => roi_feat_shuffled           : (1024, 256, 7, 7)    ------|
INFO net.py: 240: roi_feat_fpn5               : (1, 256, 7, 7)       => roi_feat_shuffled           : (1024, 256, 7, 7)    ------|
INFO net.py: 240: roi_feat_shuffled           : (1024, 256, 7, 7)    => roi_feat                    : (1024, 256, 7, 7)    ------- (op: BatchPermutation)
INFO net.py: 240: rois_idx_restore_int32      : (1024,)              => roi_feat                    : (1024, 256, 7, 7)    ------|
INFO net.py: 240: roi_feat                    : (1024, 256, 7, 7)    => fc6                         : (1024, 1024)         ------- (op: FC)
INFO net.py: 240: fc6                         : (1024, 1024)         => fc6                         : (1024, 1024)         ------- (op: Relu)
INFO net.py: 240: fc6                         : (1024, 1024)         => fc7                         : (1024, 1024)         ------- (op: FC)
INFO net.py: 240: fc7                         : (1024, 1024)         => fc7                         : (1024, 1024)         ------- (op: Relu)
INFO net.py: 240: fc7                         : (1024, 1024)         => cls_score                   : (1024, 2)            ------- (op: FC)
INFO net.py: 240: fc7                         : (1024, 1024)         => bbox_pred                   : (1024, 8)            ------- (op: FC)
INFO net.py: 240: cls_score                   : (1024, 2)            => cls_prob                    : (1024, 2)            ------- (op: SoftmaxWithLoss)
INFO net.py: 240: labels_int32                : (1024,)              => cls_prob                    : (1024, 2)            ------|
INFO net.py: 240: bbox_pred                   : (1024, 8)            => loss_bbox                   : ()                   ------- (op: SmoothL1Loss)
INFO net.py: 240: bbox_targets                : (1024, 8)            => loss_bbox                   : ()                   ------|
INFO net.py: 240: bbox_inside_weights         : (1024, 8)            => loss_bbox                   : ()                   ------|
INFO net.py: 240: bbox_outside_weights        : (1024, 8)            => loss_bbox                   : ()                   ------|
INFO net.py: 240: cls_prob                    : (1024, 2)            => accuracy_cls                : ()                   ------- (op: Accuracy)
INFO net.py: 240: labels_int32                : (1024,)              => accuracy_cls                : ()                   ------|
INFO net.py: 240: fpn_res2_2_sum              : (2, 256, 200, 200)   => _[mask]_roi_feat_fpn2       : (48, 256, 14, 14)    ------- (op: RoIAlign)
INFO net.py: 240: mask_rois_fpn2              : (48, 5)              => _[mask]_roi_feat_fpn2       : (48, 256, 14, 14)    ------|
INFO net.py: 240: fpn_res3_3_sum              : (2, 256, 100, 100)   => _[mask]_roi_feat_fpn3       : (0, 256, 14, 14)     ------- (op: RoIAlign)
INFO net.py: 240: mask_rois_fpn3              : (0, 5)               => _[mask]_roi_feat_fpn3       : (0, 256, 14, 14)     ------|
INFO net.py: 240: fpn_res4_5_sum              : (2, 256, 50, 50)     => _[mask]_roi_feat_fpn4       : (0, 256, 14, 14)     ------- (op: RoIAlign)
INFO net.py: 240: mask_rois_fpn4              : (0, 5)               => _[mask]_roi_feat_fpn4       : (0, 256, 14, 14)     ------|
INFO net.py: 240: fpn_res5_2_sum              : (2, 256, 25, 25)     => _[mask]_roi_feat_fpn5       : (0, 256, 14, 14)     ------- (op: RoIAlign)
INFO net.py: 240: mask_rois_fpn5              : (0, 5)               => _[mask]_roi_feat_fpn5       : (0, 256, 14, 14)     ------|
INFO net.py: 240: _[mask]_roi_feat_fpn2       : (48, 256, 14, 14)    => _[mask]_roi_feat_shuffled   : (48, 256, 14, 14)    ------- (op: Concat)
INFO net.py: 240: _[mask]_roi_feat_fpn3       : (0, 256, 14, 14)     => _[mask]_roi_feat_shuffled   : (48, 256, 14, 14)    ------|
INFO net.py: 240: _[mask]_roi_feat_fpn4       : (0, 256, 14, 14)     => _[mask]_roi_feat_shuffled   : (48, 256, 14, 14)    ------|
INFO net.py: 240: _[mask]_roi_feat_fpn5       : (0, 256, 14, 14)     => _[mask]_roi_feat_shuffled   : (48, 256, 14, 14)    ------|
INFO net.py: 240: _[mask]_roi_feat_shuffled   : (48, 256, 14, 14)    => _[mask]_roi_feat            : (48, 256, 14, 14)    ------- (op: BatchPermutation)
INFO net.py: 240: mask_rois_idx_restore_int32 : (48,)                => _[mask]_roi_feat            : (48, 256, 14, 14)    ------|
INFO net.py: 240: _[mask]_roi_feat            : (48, 256, 14, 14)    => _[mask]_fcn1                : (48, 256, 14, 14)    ------- (op: Conv)
INFO net.py: 240: _[mask]_fcn1                : (48, 256, 14, 14)    => _[mask]_fcn1                : (48, 256, 14, 14)    ------- (op: Relu)
INFO net.py: 240: _[mask]_fcn1                : (48, 256, 14, 14)    => _[mask]_fcn2                : (48, 256, 14, 14)    ------- (op: Conv)
INFO net.py: 240: _[mask]_fcn2                : (48, 256, 14, 14)    => _[mask]_fcn2                : (48, 256, 14, 14)    ------- (op: Relu)
INFO net.py: 240: _[mask]_fcn2                : (48, 256, 14, 14)    => _[mask]_fcn3                : (48, 256, 14, 14)    ------- (op: Conv)
INFO net.py: 240: _[mask]_fcn3                : (48, 256, 14, 14)    => _[mask]_fcn3                : (48, 256, 14, 14)    ------- (op: Relu)
INFO net.py: 240: _[mask]_fcn3                : (48, 256, 14, 14)    => _[mask]_fcn4                : (48, 256, 14, 14)    ------- (op: Conv)
INFO net.py: 240: _[mask]_fcn4                : (48, 256, 14, 14)    => _[mask]_fcn4                : (48, 256, 14, 14)    ------- (op: Relu)
INFO net.py: 240: _[mask]_fcn4                : (48, 256, 14, 14)    => conv5_mask                  : (48, 256, 28, 28)    ------- (op: ConvTranspose)
INFO net.py: 240: conv5_mask                  : (48, 256, 28, 28)    => conv5_mask                  : (48, 256, 28, 28)    ------- (op: Relu)
INFO net.py: 240: conv5_mask                  : (48, 256, 28, 28)    => mask_fcn_logits             : (48, 2, 28, 28)      ------- (op: Conv)
INFO net.py: 240: mask_fcn_logits             : (48, 2, 28, 28)      => loss_mask                   : ()                   ------- (op: SigmoidCrossEntropyLoss)
INFO net.py: 240: masks_int32                 : (48, 1568)           => loss_mask                   : ()                   ------|
INFO net.py: 244: End of model: generalized_rcnn
json_stats: {"accuracy_cls": 0.224609, "eta": "4 days, 10:36:40", "iter": 0, "loss": 5.600502, "loss_bbox": 0.029789, "loss_cls": 0.827950, "loss_mask": 3.848588, "loss_rpn_bbox_fpn2": 0.159177, "loss_rpn_bbox_fpn3": 0.034735, "loss_rpn_bbox_fpn4": 0.000000, "loss_rpn_bbox_fpn5": 0.000000, "loss_rpn_bbox_fpn6": 0.000000, "loss_rpn_cls_fpn2": 0.516943, "loss_rpn_cls_fpn3": 0.164050, "loss_rpn_cls_fpn4": 0.013737, "loss_rpn_cls_fpn5": 0.005533, "loss_rpn_cls_fpn6": 0.000000, "lr": 0.001333, "mb_qsize": 64, "mem": 5074, "time": 4.264455}
json_stats: {"accuracy_cls": 0.884766, "eta": "19:53:04", "iter": 20, "loss": 2.129734, "loss_bbox": 0.051082, "loss_cls": 0.366658, "loss_mask": 0.664600, "loss_rpn_bbox_fpn2": 0.200680, "loss_rpn_bbox_fpn3": 0.035649, "loss_rpn_bbox_fpn4": 0.000685, "loss_rpn_bbox_fpn5": 0.000000, "loss_rpn_bbox_fpn6": 0.000000, "loss_rpn_cls_fpn2": 0.445392, "loss_rpn_cls_fpn3": 0.153668, "loss_rpn_cls_fpn4": 0.020150, "loss_rpn_cls_fpn5": 0.002640, "loss_rpn_cls_fpn6": 0.000000, "lr": 0.001440, "mb_qsize": 64, "mem": 6844, "time": 0.795556}
json_stats: {"accuracy_cls": 0.837402, "eta": "14:16:16", "iter": 40, "loss": 1.816796, "loss_bbox": 0.281023, "loss_cls": 0.408135, "loss_mask": 0.464721, "loss_rpn_bbox_fpn2": 0.124034, "loss_rpn_bbox_fpn3": 0.020367, "loss_rpn_bbox_fpn4": 0.004154, "loss_rpn_bbox_fpn5": 0.000000, "loss_rpn_bbox_fpn6": 0.000000, "loss_rpn_cls_fpn2": 0.319052, "loss_rpn_cls_fpn3": 0.116622, "loss_rpn_cls_fpn4": 0.027568, "loss_rpn_cls_fpn5": 0.002513, "loss_rpn_cls_fpn6": 0.000000, "lr": 0.001547, "mb_qsize": 64, "mem": 6979, "time": 0.571106}
json_stats: {"accuracy_cls": 0.860067, "eta": "14:19:17", "iter": 60, "loss": 1.562113, "loss_bbox": 0.227458, "loss_cls": 0.352285, "loss_mask": 0.450459, "loss_rpn_bbox_fpn2": 0.129472, "loss_rpn_bbox_fpn3": 0.026165, "loss_rpn_bbox_fpn4": 0.009626, "loss_rpn_bbox_fpn5": 0.000000, "loss_rpn_bbox_fpn6": 0.000000, "loss_rpn_cls_fpn2": 0.243535, "loss_rpn_cls_fpn3": 0.108492, "loss_rpn_cls_fpn4": 0.037037, "loss_rpn_cls_fpn5": 0.004002, "loss_rpn_cls_fpn6": 0.000000, "lr": 0.001653, "mb_qsize": 64, "mem": 7004, "time": 0.573247}
json_stats: {"accuracy_cls": 0.833008, "eta": "14:24:44", "iter": 80, "loss": 1.556310, "loss_bbox": 0.267865, "loss_cls": 0.374256, "loss_mask": 0.419649, "loss_rpn_bbox_fpn2": 0.127664, "loss_rpn_bbox_fpn3": 0.022679, "loss_rpn_bbox_fpn4": 0.000748, "loss_rpn_bbox_fpn5": 0.000000, "loss_rpn_bbox_fpn6": 0.000000, "loss_rpn_cls_fpn2": 0.214182, "loss_rpn_cls_fpn3": 0.065028, "loss_rpn_cls_fpn4": 0.019625, "loss_rpn_cls_fpn5": 0.001625, "loss_rpn_cls_fpn6": 0.000000, "lr": 0.001760, "mb_qsize": 64, "mem": 7012, "time": 0.577010}
json_stats: {"accuracy_cls": 0.829590, "eta": "14:30:19", "iter": 100, "loss": 1.625858, "loss_bbox": 0.291190, "loss_cls": 0.409873, "loss_mask": 0.425339, "loss_rpn_bbox_fpn2": 0.100840, "loss_rpn_bbox_fpn3": 0.035237, "loss_rpn_bbox_fpn4": 0.003076, "loss_rpn_bbox_fpn5": 0.000000, "loss_rpn_bbox_fpn6": 0.000000, "loss_rpn_cls_fpn2": 0.215947, "loss_rpn_cls_fpn3": 0.070177, "loss_rpn_cls_fpn4": 0.020551, "loss_rpn_cls_fpn5": 0.002448, "loss_rpn_cls_fpn6": 0.000000, "lr": 0.001867, "mb_qsize": 64, "mem": 7012, "time": 0.580861}
json_stats: {"accuracy_cls": 0.834961, "eta": "14:35:47", "iter": 120, "loss": 1.539276, "loss_bbox": 0.288443, "loss_cls": 0.382096, "loss_mask": 0.414963, "loss_rpn_bbox_fpn2": 0.082794, "loss_rpn_bbox_fpn3": 0.027124, "loss_rpn_bbox_fpn4": 0.003534, "loss_rpn_bbox_fpn5": 0.000000, "loss_rpn_bbox_fpn6": 0.000000, "loss_rpn_cls_fpn2": 0.185305, "loss_rpn_cls_fpn3": 0.046685, "loss_rpn_cls_fpn4": 0.017823, "loss_rpn_cls_fpn5": 0.002536, "loss_rpn_cls_fpn6": 0.000000, "lr": 0.001973, "mb_qsize": 64, "mem": 7023, "time": 0.584637}
json_stats: {"accuracy_cls": 0.844407, "eta": "14:36:50", "iter": 140, "loss": 1.535413, "loss_bbox": 0.281367, "loss_cls": 0.356683, "loss_mask": 0.440400, "loss_rpn_bbox_fpn2": 0.126550, "loss_rpn_bbox_fpn3": 0.029580, "loss_rpn_bbox_fpn4": 0.005157, "loss_rpn_bbox_fpn5": 0.000000, "loss_rpn_bbox_fpn6": 0.000000, "loss_rpn_cls_fpn2": 0.157120, "loss_rpn_cls_fpn3": 0.056688, "loss_rpn_cls_fpn4": 0.022251, "loss_rpn_cls_fpn5": 0.003538, "loss_rpn_cls_fpn6": 0.000000, "lr": 0.002080, "mb_qsize": 64, "mem": 7023, "time": 0.585473}
json_stats: {"accuracy_cls": 0.834663, "eta": "14:49:46", "iter": 160, "loss": 1.541493, "loss_bbox": 0.307496, "loss_cls": 0.371963, "loss_mask": 0.417984, "loss_rpn_bbox_fpn2": 0.126774, "loss_rpn_bbox_fpn3": 0.035629, "loss_rpn_bbox_fpn4": 0.007802, "loss_rpn_bbox_fpn5": 0.000000, "loss_rpn_bbox_fpn6": 0.000000, "loss_rpn_cls_fpn2": 0.168380, "loss_rpn_cls_fpn3": 0.041646, "loss_rpn_cls_fpn4": 0.028483, "loss_rpn_cls_fpn5": 0.001265, "loss_rpn_cls_fpn6": 0.000000, "lr": 0.002187, "mb_qsize": 64, "mem": 8142, "time": 0.594238}
json_stats: {"accuracy_cls": 0.853561, "eta": "14:52:13", "iter": 180, "loss": 1.441008, "loss_bbox": 0.299411, "loss_cls": 0.340667, "loss_mask": 0.417206, "loss_rpn_bbox_fpn2": 0.101633, "loss_rpn_bbox_fpn3": 0.021485, "loss_rpn_bbox_fpn4": 0.014327, "loss_rpn_bbox_fpn5": 0.000000, "loss_rpn_bbox_fpn6": 0.000000, "loss_rpn_cls_fpn2": 0.154576, "loss_rpn_cls_fpn3": 0.051643, "loss_rpn_cls_fpn4": 0.020540, "loss_rpn_cls_fpn5": 0.002501, "loss_rpn_cls_fpn6": 0.000000, "lr": 0.002293, "mb_qsize": 64, "mem": 8150, "time": 0.596003}
json_stats: {"accuracy_cls": 0.833008, "eta": "14:54:00", "iter": 200, "loss": 1.432252, "loss_bbox": 0.308319, "loss_cls": 0.371997, "loss_mask": 0.397150, "loss_rpn_bbox_fpn2": 0.071655, "loss_rpn_bbox_fpn3": 0.030221, "loss_rpn_bbox_fpn4": 0.001003, "loss_rpn_bbox_fpn5": 0.000000, "loss_rpn_bbox_fpn6": 0.000000, "loss_rpn_cls_fpn2": 0.126135, "loss_rpn_cls_fpn3": 0.032915, "loss_rpn_cls_fpn4": 0.011132, "loss_rpn_cls_fpn5": 0.002567, "loss_rpn_cls_fpn6": 0.000000, "lr": 0.002400, "mb_qsize": 64, "mem": 8151, "time": 0.597328}
