Found Detectron ops lib: /usr/local/lib/libcaffe2_detectron_ops_gpu.so
Found Detectron ops lib: /usr/local/lib/libcaffe2_detectron_ops_gpu.so
INFO train_net.py: 104: Called with args:
INFO train_net.py: 105: Namespace(cfg_file='configs/nuclei/rpn_R-50-FPN_1x-nuclei-3.yaml', multi_gpu_testing=False, opts=['OUTPUT_DIR', '/tmp/detectron-rpn-r50-nuclei-3'], skip_test=False)
INFO train_net.py: 111: Training with config:
INFO train_net.py: 112: {'BBOX_XFORM_CLIP': 4.135166556742356,
 'CLUSTER': {'ON_CLUSTER': False},
 'DATA_LOADER': {'NUM_THREADS': 4},
 'DEDUP_BOXES': 0.0625,
 'DOWNLOAD_CACHE': '/tmp/detectron-download-cache',
 'EPS': 1e-14,
 'EXPECTED_RESULTS': [],
 'EXPECTED_RESULTS_ATOL': 0.005,
 'EXPECTED_RESULTS_EMAIL': '',
 'EXPECTED_RESULTS_RTOL': 0.1,
 'FAST_RCNN': {'MLP_HEAD_DIM': 1024,
               'ROI_BOX_HEAD': '',
               'ROI_XFORM_METHOD': 'RoIPoolF',
               'ROI_XFORM_RESOLUTION': 14,
               'ROI_XFORM_SAMPLING_RATIO': 0},
 'FPN': {'COARSEST_STRIDE': 32,
         'DIM': 256,
         'EXTRA_CONV_LEVELS': False,
         'FPN_ON': True,
         'MULTILEVEL_ROIS': False,
         'MULTILEVEL_RPN': True,
         'ROI_CANONICAL_LEVEL': 4,
         'ROI_CANONICAL_SCALE': 224,
         'ROI_MAX_LEVEL': 5,
         'ROI_MIN_LEVEL': 2,
         'RPN_ANCHOR_START_SIZE': 8,
         'RPN_ASPECT_RATIOS': (0.5, 1, 2),
         'RPN_MAX_LEVEL': 6,
         'RPN_MIN_LEVEL': 2,
         'ZERO_INIT_LATERAL': False},
 'KRCNN': {'CONV_HEAD_DIM': 256,
           'CONV_HEAD_KERNEL': 3,
           'CONV_INIT': 'GaussianFill',
           'DECONV_DIM': 256,
           'DECONV_KERNEL': 4,
           'DILATION': 1,
           'HEATMAP_SIZE': -1,
           'INFERENCE_MIN_SIZE': 0,
           'KEYPOINT_CONFIDENCE': 'bbox',
           'LOSS_WEIGHT': 1.0,
           'MIN_KEYPOINT_COUNT_FOR_VALID_MINIBATCH': 20,
           'NMS_OKS': False,
           'NORMALIZE_BY_VISIBLE_KEYPOINTS': True,
           'NUM_KEYPOINTS': -1,
           'NUM_STACKED_CONVS': 8,
           'ROI_KEYPOINTS_HEAD': '',
           'ROI_XFORM_METHOD': 'RoIAlign',
           'ROI_XFORM_RESOLUTION': 7,
           'ROI_XFORM_SAMPLING_RATIO': 0,
           'UP_SCALE': -1,
           'USE_DECONV': False,
           'USE_DECONV_OUTPUT': False},
 'MATLAB': 'matlab',
 'MEMONGER': True,
 'MEMONGER_SHARE_ACTIVATIONS': False,
 'MODEL': {'BBOX_REG_WEIGHTS': (10.0, 10.0, 5.0, 5.0),
           'CLS_AGNOSTIC_BBOX_REG': False,
           'CONV_BODY': 'FPN.add_fpn_ResNet50_conv5_body',
           'EXECUTION_TYPE': 'dag',
           'FASTER_RCNN': False,
           'KEYPOINTS_ON': False,
           'MASK_ON': False,
           'NUM_CLASSES': 2,
           'RPN_ONLY': True,
           'TYPE': 'generalized_rcnn'},
 'MRCNN': {'CLS_SPECIFIC_MASK': True,
           'CONV_INIT': 'GaussianFill',
           'DILATION': 2,
           'DIM_REDUCED': 256,
           'RESOLUTION': 14,
           'ROI_MASK_HEAD': '',
           'ROI_XFORM_METHOD': 'RoIAlign',
           'ROI_XFORM_RESOLUTION': 7,
           'ROI_XFORM_SAMPLING_RATIO': 0,
           'THRESH_BINARIZE': 0.5,
           'UPSAMPLE_RATIO': 1,
           'USE_FC_OUTPUT': False,
           'WEIGHT_LOSS_MASK': 1.0},
 'NUM_GPUS': 1,
 'OUTPUT_DIR': '/tmp/detectron-rpn-r50-nuclei-3',
 'PIXEL_MEANS': array([[[102.9801, 115.9465, 122.7717]]]),
 'RESNETS': {'NUM_GROUPS': 1,
             'RES5_DILATION': 1,
             'STRIDE_1X1': True,
             'TRANS_FUNC': 'bottleneck_transformation',
             'WIDTH_PER_GROUP': 64},
 'RETINANET': {'ANCHOR_SCALE': 4,
               'ASPECT_RATIOS': (0.5, 1.0, 2.0),
               'BBOX_REG_BETA': 0.11,
               'BBOX_REG_WEIGHT': 1.0,
               'CLASS_SPECIFIC_BBOX': False,
               'INFERENCE_TH': 0.05,
               'LOSS_ALPHA': 0.25,
               'LOSS_GAMMA': 2.0,
               'NEGATIVE_OVERLAP': 0.4,
               'NUM_CONVS': 4,
               'POSITIVE_OVERLAP': 0.5,
               'PRE_NMS_TOP_N': 1000,
               'PRIOR_PROB': 0.01,
               'RETINANET_ON': False,
               'SCALES_PER_OCTAVE': 3,
               'SHARE_CLS_BBOX_TOWER': False,
               'SOFTMAX': False},
 'RFCN': {'PS_GRID_SIZE': 3},
 'RNG_SEED': 3,
 'ROOT_DIR': '/home/swk/Documents/ML/Detectron',
 'RPN': {'ASPECT_RATIOS': (0.5, 1, 2),
         'RPN_ON': True,
         'SIZES': (64, 128, 256, 512),
         'STRIDE': 16},
 'SOLVER': {'BASE_LR': 0.003,
            'GAMMA': 0.1,
            'LOG_LR_CHANGE_THRESHOLD': 1.1,
            'LRS': [],
            'LR_POLICY': 'steps_with_decay',
            'MAX_ITER': 90000,
            'MOMENTUM': 0.9,
            'SCALE_MOMENTUM': True,
            'SCALE_MOMENTUM_THRESHOLD': 1.1,
            'STEPS': [0, 60000, 80000],
            'STEP_SIZE': 30000,
            'WARM_UP_FACTOR': 0.3333333333333333,
            'WARM_UP_ITERS': 500,
            'WARM_UP_METHOD': u'linear',
            'WEIGHT_DECAY': 0.0001},
 'TEST': {'BBOX_AUG': {'AREA_TH_HI': 32400,
                       'AREA_TH_LO': 2500,
                       'ASPECT_RATIOS': (),
                       'ASPECT_RATIO_H_FLIP': False,
                       'COORD_HEUR': 'UNION',
                       'ENABLED': False,
                       'H_FLIP': False,
                       'MAX_SIZE': 4000,
                       'SCALES': (),
                       'SCALE_H_FLIP': False,
                       'SCALE_SIZE_DEP': False,
                       'SCORE_HEUR': 'UNION'},
          'BBOX_REG': True,
          'BBOX_VOTE': {'ENABLED': False,
                        'SCORING_METHOD': 'ID',
                        'SCORING_METHOD_BETA': 1.0,
                        'VOTE_TH': 0.8},
          'COMPETITION_MODE': True,
          'DATASET': '',
          'DATASETS': ('dsb_2018_train',),
          'DETECTIONS_PER_IM': 100,
          'FORCE_JSON_DATASET_EVAL': False,
          'KPS_AUG': {'AREA_TH': 32400,
                      'ASPECT_RATIOS': (),
                      'ASPECT_RATIO_H_FLIP': False,
                      'ENABLED': False,
                      'HEUR': 'HM_AVG',
                      'H_FLIP': False,
                      'MAX_SIZE': 4000,
                      'SCALES': (),
                      'SCALE_H_FLIP': False,
                      'SCALE_SIZE_DEP': False},
          'MASK_AUG': {'AREA_TH': 32400,
                       'ASPECT_RATIOS': (),
                       'ASPECT_RATIO_H_FLIP': False,
                       'ENABLED': False,
                       'HEUR': 'SOFT_AVG',
                       'H_FLIP': False,
                       'MAX_SIZE': 4000,
                       'SCALES': (),
                       'SCALE_H_FLIP': False,
                       'SCALE_SIZE_DEP': False},
          'MAX_SIZE': 1333,
          'NMS': 0.3,
          'PRECOMPUTED_PROPOSALS': False,
          'PROPOSAL_FILE': '',
          'PROPOSAL_FILES': (),
          'PROPOSAL_LIMIT': 2000,
          'RPN_MIN_SIZE': 0,
          'RPN_NMS_THRESH': 0.7,
          'RPN_POST_NMS_TOP_N': 2000,
          'RPN_PRE_NMS_TOP_N': 1000,
          'SCALES': (400,),
          'SCORE_THRESH': 0.05,
          'SOFT_NMS': {'ENABLED': False, 'METHOD': 'linear', 'SIGMA': 0.5},
          'WEIGHTS': ''},
 'TRAIN': {'ASPECT_GROUPING': True,
           'AUTO_RESUME': True,
           'BATCH_SIZE_PER_IM': 64,
           'BBOX_THRESH': 0.5,
           'BG_THRESH_HI': 0.5,
           'BG_THRESH_LO': 0.0,
           'CROWD_FILTER_THRESH': 0.7,
           'DATASETS': ('dsb_2018_train',),
           'FG_FRACTION': 0.25,
           'FG_THRESH': 0.5,
           'FREEZE_CONV_BODY': False,
           'GT_MIN_AREA': -1,
           'IMS_PER_BATCH': 2,
           'MAX_SIZE': 1333,
           'PROPOSAL_FILES': (),
           'RPN_BATCH_SIZE_PER_IM': 256,
           'RPN_FG_FRACTION': 0.5,
           'RPN_MIN_SIZE': 0,
           'RPN_NEGATIVE_OVERLAP': 0.3,
           'RPN_NMS_THRESH': 0.7,
           'RPN_POSITIVE_OVERLAP': 0.7,
           'RPN_POST_NMS_TOP_N': 2000,
           'RPN_PRE_NMS_TOP_N': 12000,
           'RPN_STRADDLE_THRESH': 0,
           'SCALES': (400,),
           'SNAPSHOT_ITERS': 20000,
           'USE_FLIPPED': True,
           'WEIGHTS': u'/tmp/detectron-download-cache/ImageNetPretrained/MSRA/R-50.pkl'},
 'USE_NCCL': False,
 'VIS': False,
 'VIS_TH': 0.9}
INFO train_net.py: 205: Building model: generalized_rcnn
WARNING cnn.py:  40: [====DEPRECATE WARNING====]: you are creating an object from CNNModelHelper class which will be deprecated soon. Please use ModelHelper object with brew module. For more information, please refer to caffe2.ai and python/brew.py, python/brew_test.py for more information.
WARNING memonger.py:  70: NOTE: Executing memonger to optimize gradient memory
INFO memonger.py: 112: Memonger memory optimization took 0.0176749229431 secs
INFO train_net.py: 253: Loading dataset: ('dsb_2018_train',)
loading annotations into memory...
Done (t=0.46s)
creating index...
index created!
INFO roidb.py:  49: Appending horizontally-flipped training examples...
INFO roidb.py:  51: Loaded dataset: dsb_2018_train
INFO roidb.py: 135: Filtered 0 roidb entries: 1072 -> 1072
INFO roidb.py:  67: Computing bounding-box regression targets...
INFO roidb.py:  69: done
INFO train_net.py: 257: 1072 roidb entries
INFO net.py:  57: Loading weights from: /tmp/detectron-download-cache/ImageNetPretrained/MSRA/R-50.pkl
INFO net.py:  86: fpn_inner_res5_2_sum_w not found
INFO net.py:  86: fpn_inner_res5_2_sum_b not found
INFO net.py:  86: fpn_inner_res4_5_sum_lateral_w not found
INFO net.py:  86: fpn_inner_res4_5_sum_lateral_b not found
INFO net.py:  86: fpn_inner_res3_3_sum_lateral_w not found
INFO net.py:  86: fpn_inner_res3_3_sum_lateral_b not found
INFO net.py:  86: fpn_inner_res2_2_sum_lateral_w not found
INFO net.py:  86: fpn_inner_res2_2_sum_lateral_b not found
INFO net.py:  86: fpn_res5_2_sum_w not found
INFO net.py:  86: fpn_res5_2_sum_b not found
INFO net.py:  86: fpn_res4_5_sum_w not found
INFO net.py:  86: fpn_res4_5_sum_b not found
INFO net.py:  86: fpn_res3_3_sum_w not found
INFO net.py:  86: fpn_res3_3_sum_b not found
INFO net.py:  86: fpn_res2_2_sum_w not found
INFO net.py:  86: fpn_res2_2_sum_b not found
INFO net.py:  86: conv_rpn_fpn2_w not found
INFO net.py:  86: conv_rpn_fpn2_b not found
INFO net.py:  86: rpn_cls_logits_fpn2_w not found
INFO net.py:  86: rpn_cls_logits_fpn2_b not found
INFO net.py:  86: rpn_bbox_pred_fpn2_w not found
INFO net.py:  86: rpn_bbox_pred_fpn2_b not found
INFO train_net.py: 241: Outputs saved to: /tmp/detectron-rpn-r50-nuclei-3/train/dsb_2018_train/generalized_rcnn
INFO loader.py: 227: Pre-filling mini-batch queue...
INFO loader.py: 232:   [0/64]
INFO loader.py: 232:   [0/64]
INFO loader.py: 232:   [0/64]
INFO loader.py: 232:   [2/64]
INFO loader.py: 232:   [2/64]
INFO loader.py: 232:   [1/64]
INFO loader.py: 232:   [3/64]
INFO loader.py: 232:   [3/64]
INFO loader.py: 232:   [3/64]
INFO loader.py: 232:   [3/64]
INFO loader.py: 232:   [4/64]
INFO loader.py: 232:   [3/64]
INFO loader.py: 232:   [3/64]
INFO loader.py: 232:   [4/64]
INFO loader.py: 232:   [5/64]
INFO loader.py: 232:   [5/64]
INFO loader.py: 232:   [4/64]
INFO loader.py: 232:   [5/64]
INFO loader.py: 232:   [5/64]
INFO loader.py: 232:   [5/64]
INFO loader.py: 232:   [8/64]
INFO loader.py: 232:   [9/64]
INFO loader.py: 232:   [10/64]
INFO loader.py: 232:   [12/64]
INFO loader.py: 232:   [13/64]
INFO loader.py: 232:   [16/64]
INFO loader.py: 232:   [17/64]
INFO loader.py: 232:   [19/64]
INFO loader.py: 232:   [19/64]
INFO loader.py: 232:   [23/64]
INFO loader.py: 232:   [23/64]
INFO loader.py: 232:   [25/64]
INFO loader.py: 232:   [25/64]
INFO loader.py: 232:   [27/64]
INFO loader.py: 232:   [29/64]
INFO loader.py: 232:   [30/64]
INFO loader.py: 232:   [30/64]
INFO loader.py: 232:   [32/64]
INFO loader.py: 232:   [33/64]
INFO loader.py: 232:   [35/64]
INFO loader.py: 232:   [36/64]
INFO loader.py: 232:   [37/64]
INFO loader.py: 232:   [39/64]
INFO loader.py: 232:   [40/64]
INFO loader.py: 232:   [42/64]
INFO loader.py: 232:   [44/64]
INFO loader.py: 232:   [44/64]
INFO loader.py: 232:   [46/64]
INFO loader.py: 232:   [48/64]
INFO loader.py: 232:   [50/64]
INFO loader.py: 232:   [50/64]
INFO loader.py: 232:   [52/64]
INFO loader.py: 232:   [54/64]
INFO loader.py: 232:   [55/64]
INFO loader.py: 232:   [58/64]
INFO loader.py: 232:   [58/64]
INFO loader.py: 232:   [60/64]
INFO loader.py: 232:   [61/64]
INFO loader.py: 232:   [63/64]
INFO detector.py: 436: Changing learning rate 0.000000 -> 0.001000 at iter 0
INFO net.py: 210: Printing model: generalized_rcnn
INFO net.py: 240: data                        : (2, 3, 416, 416)     => conv1                       : (2, 64, 208, 208)    ------- (op: Conv)
INFO net.py: 240: conv1                       : (2, 64, 208, 208)    => conv1                       : (2, 64, 208, 208)    ------- (op: AffineChannel)
INFO net.py: 240: conv1                       : (2, 64, 208, 208)    => conv1                       : (2, 64, 208, 208)    ------- (op: Relu)
INFO net.py: 240: conv1                       : (2, 64, 208, 208)    => pool1                       : (2, 64, 104, 104)    ------- (op: MaxPool)
INFO net.py: 240: pool1                       : (2, 64, 104, 104)    => res2_0_branch2a             : (2, 64, 104, 104)    ------- (op: Conv)
INFO net.py: 240: res2_0_branch2a             : (2, 64, 104, 104)    => res2_0_branch2a             : (2, 64, 104, 104)    ------- (op: AffineChannel)
INFO net.py: 240: res2_0_branch2a             : (2, 64, 104, 104)    => res2_0_branch2a             : (2, 64, 104, 104)    ------- (op: Relu)
INFO net.py: 240: res2_0_branch2a             : (2, 64, 104, 104)    => res2_0_branch2b             : (2, 64, 104, 104)    ------- (op: Conv)
INFO net.py: 240: res2_0_branch2b             : (2, 64, 104, 104)    => res2_0_branch2b             : (2, 64, 104, 104)    ------- (op: AffineChannel)
INFO net.py: 240: res2_0_branch2b             : (2, 64, 104, 104)    => res2_0_branch2b             : (2, 64, 104, 104)    ------- (op: Relu)
INFO net.py: 240: res2_0_branch2b             : (2, 64, 104, 104)    => res2_0_branch2c             : (2, 256, 104, 104)   ------- (op: Conv)
INFO net.py: 240: res2_0_branch2c             : (2, 256, 104, 104)   => res2_0_branch2c_bn          : (2, 256, 104, 104)   ------- (op: AffineChannel)
INFO net.py: 240: pool1                       : (2, 64, 104, 104)    => res2_0_branch1              : (2, 256, 104, 104)   ------- (op: Conv)
INFO net.py: 240: res2_0_branch1              : (2, 256, 104, 104)   => res2_0_branch1_bn           : (2, 256, 104, 104)   ------- (op: AffineChannel)
INFO net.py: 240: res2_0_branch2c_bn          : (2, 256, 104, 104)   => res2_0_branch2c_bn          : (2, 256, 104, 104)   ------- (op: Sum)
INFO net.py: 240: res2_0_branch1_bn           : (2, 256, 104, 104)   => res2_0_branch2c_bn          : (2, 256, 104, 104)   ------|
INFO net.py: 240: res2_0_branch2c_bn          : (2, 256, 104, 104)   => res2_0_branch2c_bn          : (2, 256, 104, 104)   ------- (op: Relu)
INFO net.py: 240: res2_0_branch2c_bn          : (2, 256, 104, 104)   => res2_1_branch2a             : (2, 64, 104, 104)    ------- (op: Conv)
INFO net.py: 240: res2_1_branch2a             : (2, 64, 104, 104)    => res2_1_branch2a             : (2, 64, 104, 104)    ------- (op: AffineChannel)
INFO net.py: 240: res2_1_branch2a             : (2, 64, 104, 104)    => res2_1_branch2a             : (2, 64, 104, 104)    ------- (op: Relu)
INFO net.py: 240: res2_1_branch2a             : (2, 64, 104, 104)    => res2_1_branch2b             : (2, 64, 104, 104)    ------- (op: Conv)
INFO net.py: 240: res2_1_branch2b             : (2, 64, 104, 104)    => res2_1_branch2b             : (2, 64, 104, 104)    ------- (op: AffineChannel)
INFO net.py: 240: res2_1_branch2b             : (2, 64, 104, 104)    => res2_1_branch2b             : (2, 64, 104, 104)    ------- (op: Relu)
INFO net.py: 240: res2_1_branch2b             : (2, 64, 104, 104)    => res2_1_branch2c             : (2, 256, 104, 104)   ------- (op: Conv)
INFO net.py: 240: res2_1_branch2c             : (2, 256, 104, 104)   => res2_1_branch2c_bn          : (2, 256, 104, 104)   ------- (op: AffineChannel)
INFO net.py: 240: res2_1_branch2c_bn          : (2, 256, 104, 104)   => res2_1_branch2c_bn          : (2, 256, 104, 104)   ------- (op: Sum)
INFO net.py: 240: res2_0_branch2c_bn          : (2, 256, 104, 104)   => res2_1_branch2c_bn          : (2, 256, 104, 104)   ------|
INFO net.py: 240: res2_1_branch2c_bn          : (2, 256, 104, 104)   => res2_1_branch2c_bn          : (2, 256, 104, 104)   ------- (op: Relu)
INFO net.py: 240: res2_1_branch2c_bn          : (2, 256, 104, 104)   => res2_2_branch2a             : (2, 64, 104, 104)    ------- (op: Conv)
INFO net.py: 240: res2_2_branch2a             : (2, 64, 104, 104)    => res2_2_branch2a             : (2, 64, 104, 104)    ------- (op: AffineChannel)
INFO net.py: 240: res2_2_branch2a             : (2, 64, 104, 104)    => res2_2_branch2a             : (2, 64, 104, 104)    ------- (op: Relu)
INFO net.py: 240: res2_2_branch2a             : (2, 64, 104, 104)    => res2_2_branch2b             : (2, 64, 104, 104)    ------- (op: Conv)
INFO net.py: 240: res2_2_branch2b             : (2, 64, 104, 104)    => res2_2_branch2b             : (2, 64, 104, 104)    ------- (op: AffineChannel)
INFO net.py: 240: res2_2_branch2b             : (2, 64, 104, 104)    => res2_2_branch2b             : (2, 64, 104, 104)    ------- (op: Relu)
INFO net.py: 240: res2_2_branch2b             : (2, 64, 104, 104)    => res2_2_branch2c             : (2, 256, 104, 104)   ------- (op: Conv)
INFO net.py: 240: res2_2_branch2c             : (2, 256, 104, 104)   => res2_2_branch2c_bn          : (2, 256, 104, 104)   ------- (op: AffineChannel)
INFO net.py: 240: res2_2_branch2c_bn          : (2, 256, 104, 104)   => res2_2_sum                  : (2, 256, 104, 104)   ------- (op: Sum)
INFO net.py: 240: res2_1_branch2c_bn          : (2, 256, 104, 104)   => res2_2_sum                  : (2, 256, 104, 104)   ------|
INFO net.py: 240: res2_2_sum                  : (2, 256, 104, 104)   => res2_2_sum                  : (2, 256, 104, 104)   ------- (op: Relu)
INFO net.py: 240: res2_2_sum                  : (2, 256, 104, 104)   => res2_2_sum                  : (2, 256, 104, 104)   ------- (op: StopGradient)
INFO net.py: 240: res2_2_sum                  : (2, 256, 104, 104)   => res3_0_branch2a             : (2, 128, 52, 52)     ------- (op: Conv)
INFO net.py: 240: res3_0_branch2a             : (2, 128, 52, 52)     => res3_0_branch2a             : (2, 128, 52, 52)     ------- (op: AffineChannel)
INFO net.py: 240: res3_0_branch2a             : (2, 128, 52, 52)     => res3_0_branch2a             : (2, 128, 52, 52)     ------- (op: Relu)
INFO net.py: 240: res3_0_branch2a             : (2, 128, 52, 52)     => res3_0_branch2b             : (2, 128, 52, 52)     ------- (op: Conv)
INFO net.py: 240: res3_0_branch2b             : (2, 128, 52, 52)     => res3_0_branch2b             : (2, 128, 52, 52)     ------- (op: AffineChannel)
INFO net.py: 240: res3_0_branch2b             : (2, 128, 52, 52)     => res3_0_branch2b             : (2, 128, 52, 52)     ------- (op: Relu)
INFO net.py: 240: res3_0_branch2b             : (2, 128, 52, 52)     => res3_0_branch2c             : (2, 512, 52, 52)     ------- (op: Conv)
INFO net.py: 240: res3_0_branch2c             : (2, 512, 52, 52)     => res3_0_branch2c_bn          : (2, 512, 52, 52)     ------- (op: AffineChannel)
INFO net.py: 240: res2_2_sum                  : (2, 256, 104, 104)   => res3_0_branch1              : (2, 512, 52, 52)     ------- (op: Conv)
INFO net.py: 240: res3_0_branch1              : (2, 512, 52, 52)     => res3_0_branch1_bn           : (2, 512, 52, 52)     ------- (op: AffineChannel)
INFO net.py: 240: res3_0_branch2c_bn          : (2, 512, 52, 52)     => res3_0_branch2c_bn          : (2, 512, 52, 52)     ------- (op: Sum)
INFO net.py: 240: res3_0_branch1_bn           : (2, 512, 52, 52)     => res3_0_branch2c_bn          : (2, 512, 52, 52)     ------|
INFO net.py: 240: res3_0_branch2c_bn          : (2, 512, 52, 52)     => res3_0_branch2c_bn          : (2, 512, 52, 52)     ------- (op: Relu)
INFO net.py: 240: res3_0_branch2c_bn          : (2, 512, 52, 52)     => res3_1_branch2a             : (2, 128, 52, 52)     ------- (op: Conv)
INFO net.py: 240: res3_1_branch2a             : (2, 128, 52, 52)     => res3_1_branch2a             : (2, 128, 52, 52)     ------- (op: AffineChannel)
INFO net.py: 240: res3_1_branch2a             : (2, 128, 52, 52)     => res3_1_branch2a             : (2, 128, 52, 52)     ------- (op: Relu)
INFO net.py: 240: res3_1_branch2a             : (2, 128, 52, 52)     => res3_1_branch2b             : (2, 128, 52, 52)     ------- (op: Conv)
INFO net.py: 240: res3_1_branch2b             : (2, 128, 52, 52)     => res3_1_branch2b             : (2, 128, 52, 52)     ------- (op: AffineChannel)
INFO net.py: 240: res3_1_branch2b             : (2, 128, 52, 52)     => res3_1_branch2b             : (2, 128, 52, 52)     ------- (op: Relu)
INFO net.py: 240: res3_1_branch2b             : (2, 128, 52, 52)     => res3_1_branch2c             : (2, 512, 52, 52)     ------- (op: Conv)
INFO net.py: 240: res3_1_branch2c             : (2, 512, 52, 52)     => res3_1_branch2c_bn          : (2, 512, 52, 52)     ------- (op: AffineChannel)
INFO net.py: 240: res3_1_branch2c_bn          : (2, 512, 52, 52)     => res3_1_branch2c_bn          : (2, 512, 52, 52)     ------- (op: Sum)
INFO net.py: 240: res3_0_branch2c_bn          : (2, 512, 52, 52)     => res3_1_branch2c_bn          : (2, 512, 52, 52)     ------|
INFO net.py: 240: res3_1_branch2c_bn          : (2, 512, 52, 52)     => res3_1_branch2c_bn          : (2, 512, 52, 52)     ------- (op: Relu)
INFO net.py: 240: res3_1_branch2c_bn          : (2, 512, 52, 52)     => res3_2_branch2a             : (2, 128, 52, 52)     ------- (op: Conv)
INFO net.py: 240: res3_2_branch2a             : (2, 128, 52, 52)     => res3_2_branch2a             : (2, 128, 52, 52)     ------- (op: AffineChannel)
INFO net.py: 240: res3_2_branch2a             : (2, 128, 52, 52)     => res3_2_branch2a             : (2, 128, 52, 52)     ------- (op: Relu)
INFO net.py: 240: res3_2_branch2a             : (2, 128, 52, 52)     => res3_2_branch2b             : (2, 128, 52, 52)     ------- (op: Conv)
INFO net.py: 240: res3_2_branch2b             : (2, 128, 52, 52)     => res3_2_branch2b             : (2, 128, 52, 52)     ------- (op: AffineChannel)
INFO net.py: 240: res3_2_branch2b             : (2, 128, 52, 52)     => res3_2_branch2b             : (2, 128, 52, 52)     ------- (op: Relu)
INFO net.py: 240: res3_2_branch2b             : (2, 128, 52, 52)     => res3_2_branch2c             : (2, 512, 52, 52)     ------- (op: Conv)
INFO net.py: 240: res3_2_branch2c             : (2, 512, 52, 52)     => res3_2_branch2c_bn          : (2, 512, 52, 52)     ------- (op: AffineChannel)
INFO net.py: 240: res3_2_branch2c_bn          : (2, 512, 52, 52)     => res3_2_branch2c_bn          : (2, 512, 52, 52)     ------- (op: Sum)
INFO net.py: 240: res3_1_branch2c_bn          : (2, 512, 52, 52)     => res3_2_branch2c_bn          : (2, 512, 52, 52)     ------|
INFO net.py: 240: res3_2_branch2c_bn          : (2, 512, 52, 52)     => res3_2_branch2c_bn          : (2, 512, 52, 52)     ------- (op: Relu)
INFO net.py: 240: res3_2_branch2c_bn          : (2, 512, 52, 52)     => res3_3_branch2a             : (2, 128, 52, 52)     ------- (op: Conv)
INFO net.py: 240: res3_3_branch2a             : (2, 128, 52, 52)     => res3_3_branch2a             : (2, 128, 52, 52)     ------- (op: AffineChannel)
INFO net.py: 240: res3_3_branch2a             : (2, 128, 52, 52)     => res3_3_branch2a             : (2, 128, 52, 52)     ------- (op: Relu)
INFO net.py: 240: res3_3_branch2a             : (2, 128, 52, 52)     => res3_3_branch2b             : (2, 128, 52, 52)     ------- (op: Conv)
INFO net.py: 240: res3_3_branch2b             : (2, 128, 52, 52)     => res3_3_branch2b             : (2, 128, 52, 52)     ------- (op: AffineChannel)
INFO net.py: 240: res3_3_branch2b             : (2, 128, 52, 52)     => res3_3_branch2b             : (2, 128, 52, 52)     ------- (op: Relu)
INFO net.py: 240: res3_3_branch2b             : (2, 128, 52, 52)     => res3_3_branch2c             : (2, 512, 52, 52)     ------- (op: Conv)
INFO net.py: 240: res3_3_branch2c             : (2, 512, 52, 52)     => res3_3_branch2c_bn          : (2, 512, 52, 52)     ------- (op: AffineChannel)
INFO net.py: 240: res3_3_branch2c_bn          : (2, 512, 52, 52)     => res3_3_sum                  : (2, 512, 52, 52)     ------- (op: Sum)
INFO net.py: 240: res3_2_branch2c_bn          : (2, 512, 52, 52)     => res3_3_sum                  : (2, 512, 52, 52)     ------|
INFO net.py: 240: res3_3_sum                  : (2, 512, 52, 52)     => res3_3_sum                  : (2, 512, 52, 52)     ------- (op: Relu)
INFO net.py: 240: res3_3_sum                  : (2, 512, 52, 52)     => res4_0_branch2a             : (2, 256, 26, 26)     ------- (op: Conv)
INFO net.py: 240: res4_0_branch2a             : (2, 256, 26, 26)     => res4_0_branch2a             : (2, 256, 26, 26)     ------- (op: AffineChannel)
INFO net.py: 240: res4_0_branch2a             : (2, 256, 26, 26)     => res4_0_branch2a             : (2, 256, 26, 26)     ------- (op: Relu)
INFO net.py: 240: res4_0_branch2a             : (2, 256, 26, 26)     => res4_0_branch2b             : (2, 256, 26, 26)     ------- (op: Conv)
INFO net.py: 240: res4_0_branch2b             : (2, 256, 26, 26)     => res4_0_branch2b             : (2, 256, 26, 26)     ------- (op: AffineChannel)
INFO net.py: 240: res4_0_branch2b             : (2, 256, 26, 26)     => res4_0_branch2b             : (2, 256, 26, 26)     ------- (op: Relu)
INFO net.py: 240: res4_0_branch2b             : (2, 256, 26, 26)     => res4_0_branch2c             : (2, 1024, 26, 26)    ------- (op: Conv)
INFO net.py: 240: res4_0_branch2c             : (2, 1024, 26, 26)    => res4_0_branch2c_bn          : (2, 1024, 26, 26)    ------- (op: AffineChannel)
INFO net.py: 240: res3_3_sum                  : (2, 512, 52, 52)     => res4_0_branch1              : (2, 1024, 26, 26)    ------- (op: Conv)
INFO net.py: 240: res4_0_branch1              : (2, 1024, 26, 26)    => res4_0_branch1_bn           : (2, 1024, 26, 26)    ------- (op: AffineChannel)
INFO net.py: 240: res4_0_branch2c_bn          : (2, 1024, 26, 26)    => res4_0_branch2c_bn          : (2, 1024, 26, 26)    ------- (op: Sum)
INFO net.py: 240: res4_0_branch1_bn           : (2, 1024, 26, 26)    => res4_0_branch2c_bn          : (2, 1024, 26, 26)    ------|
INFO net.py: 240: res4_0_branch2c_bn          : (2, 1024, 26, 26)    => res4_0_branch2c_bn          : (2, 1024, 26, 26)    ------- (op: Relu)
INFO net.py: 240: res4_0_branch2c_bn          : (2, 1024, 26, 26)    => res4_1_branch2a             : (2, 256, 26, 26)     ------- (op: Conv)
INFO net.py: 240: res4_1_branch2a             : (2, 256, 26, 26)     => res4_1_branch2a             : (2, 256, 26, 26)     ------- (op: AffineChannel)
INFO net.py: 240: res4_1_branch2a             : (2, 256, 26, 26)     => res4_1_branch2a             : (2, 256, 26, 26)     ------- (op: Relu)
INFO net.py: 240: res4_1_branch2a             : (2, 256, 26, 26)     => res4_1_branch2b             : (2, 256, 26, 26)     ------- (op: Conv)
INFO net.py: 240: res4_1_branch2b             : (2, 256, 26, 26)     => res4_1_branch2b             : (2, 256, 26, 26)     ------- (op: AffineChannel)
INFO net.py: 240: res4_1_branch2b             : (2, 256, 26, 26)     => res4_1_branch2b             : (2, 256, 26, 26)     ------- (op: Relu)
INFO net.py: 240: res4_1_branch2b             : (2, 256, 26, 26)     => res4_1_branch2c             : (2, 1024, 26, 26)    ------- (op: Conv)
INFO net.py: 240: res4_1_branch2c             : (2, 1024, 26, 26)    => res4_1_branch2c_bn          : (2, 1024, 26, 26)    ------- (op: AffineChannel)
INFO net.py: 240: res4_1_branch2c_bn          : (2, 1024, 26, 26)    => res4_1_branch2c_bn          : (2, 1024, 26, 26)    ------- (op: Sum)
INFO net.py: 240: res4_0_branch2c_bn          : (2, 1024, 26, 26)    => res4_1_branch2c_bn          : (2, 1024, 26, 26)    ------|
INFO net.py: 240: res4_1_branch2c_bn          : (2, 1024, 26, 26)    => res4_1_branch2c_bn          : (2, 1024, 26, 26)    ------- (op: Relu)
INFO net.py: 240: res4_1_branch2c_bn          : (2, 1024, 26, 26)    => res4_2_branch2a             : (2, 256, 26, 26)     ------- (op: Conv)
INFO net.py: 240: res4_2_branch2a             : (2, 256, 26, 26)     => res4_2_branch2a             : (2, 256, 26, 26)     ------- (op: AffineChannel)
INFO net.py: 240: res4_2_branch2a             : (2, 256, 26, 26)     => res4_2_branch2a             : (2, 256, 26, 26)     ------- (op: Relu)
INFO net.py: 240: res4_2_branch2a             : (2, 256, 26, 26)     => res4_2_branch2b             : (2, 256, 26, 26)     ------- (op: Conv)
INFO net.py: 240: res4_2_branch2b             : (2, 256, 26, 26)     => res4_2_branch2b             : (2, 256, 26, 26)     ------- (op: AffineChannel)
INFO net.py: 240: res4_2_branch2b             : (2, 256, 26, 26)     => res4_2_branch2b             : (2, 256, 26, 26)     ------- (op: Relu)
INFO net.py: 240: res4_2_branch2b             : (2, 256, 26, 26)     => res4_2_branch2c             : (2, 1024, 26, 26)    ------- (op: Conv)
INFO net.py: 240: res4_2_branch2c             : (2, 1024, 26, 26)    => res4_2_branch2c_bn          : (2, 1024, 26, 26)    ------- (op: AffineChannel)
INFO net.py: 240: res4_2_branch2c_bn          : (2, 1024, 26, 26)    => res4_2_branch2c_bn          : (2, 1024, 26, 26)    ------- (op: Sum)
INFO net.py: 240: res4_1_branch2c_bn          : (2, 1024, 26, 26)    => res4_2_branch2c_bn          : (2, 1024, 26, 26)    ------|
INFO net.py: 240: res4_2_branch2c_bn          : (2, 1024, 26, 26)    => res4_2_branch2c_bn          : (2, 1024, 26, 26)    ------- (op: Relu)
INFO net.py: 240: res4_2_branch2c_bn          : (2, 1024, 26, 26)    => res4_3_branch2a             : (2, 256, 26, 26)     ------- (op: Conv)
INFO net.py: 240: res4_3_branch2a             : (2, 256, 26, 26)     => res4_3_branch2a             : (2, 256, 26, 26)     ------- (op: AffineChannel)
INFO net.py: 240: res4_3_branch2a             : (2, 256, 26, 26)     => res4_3_branch2a             : (2, 256, 26, 26)     ------- (op: Relu)
INFO net.py: 240: res4_3_branch2a             : (2, 256, 26, 26)     => res4_3_branch2b             : (2, 256, 26, 26)     ------- (op: Conv)
INFO net.py: 240: res4_3_branch2b             : (2, 256, 26, 26)     => res4_3_branch2b             : (2, 256, 26, 26)     ------- (op: AffineChannel)
INFO net.py: 240: res4_3_branch2b             : (2, 256, 26, 26)     => res4_3_branch2b             : (2, 256, 26, 26)     ------- (op: Relu)
INFO net.py: 240: res4_3_branch2b             : (2, 256, 26, 26)     => res4_3_branch2c             : (2, 1024, 26, 26)    ------- (op: Conv)
INFO net.py: 240: res4_3_branch2c             : (2, 1024, 26, 26)    => res4_3_branch2c_bn          : (2, 1024, 26, 26)    ------- (op: AffineChannel)
INFO net.py: 240: res4_3_branch2c_bn          : (2, 1024, 26, 26)    => res4_3_branch2c_bn          : (2, 1024, 26, 26)    ------- (op: Sum)
INFO net.py: 240: res4_2_branch2c_bn          : (2, 1024, 26, 26)    => res4_3_branch2c_bn          : (2, 1024, 26, 26)    ------|
INFO net.py: 240: res4_3_branch2c_bn          : (2, 1024, 26, 26)    => res4_3_branch2c_bn          : (2, 1024, 26, 26)    ------- (op: Relu)
INFO net.py: 240: res4_3_branch2c_bn          : (2, 1024, 26, 26)    => res4_4_branch2a             : (2, 256, 26, 26)     ------- (op: Conv)
INFO net.py: 240: res4_4_branch2a             : (2, 256, 26, 26)     => res4_4_branch2a             : (2, 256, 26, 26)     ------- (op: AffineChannel)
INFO net.py: 240: res4_4_branch2a             : (2, 256, 26, 26)     => res4_4_branch2a             : (2, 256, 26, 26)     ------- (op: Relu)
INFO net.py: 240: res4_4_branch2a             : (2, 256, 26, 26)     => res4_4_branch2b             : (2, 256, 26, 26)     ------- (op: Conv)
INFO net.py: 240: res4_4_branch2b             : (2, 256, 26, 26)     => res4_4_branch2b             : (2, 256, 26, 26)     ------- (op: AffineChannel)
INFO net.py: 240: res4_4_branch2b             : (2, 256, 26, 26)     => res4_4_branch2b             : (2, 256, 26, 26)     ------- (op: Relu)
INFO net.py: 240: res4_4_branch2b             : (2, 256, 26, 26)     => res4_4_branch2c             : (2, 1024, 26, 26)    ------- (op: Conv)
INFO net.py: 240: res4_4_branch2c             : (2, 1024, 26, 26)    => res4_4_branch2c_bn          : (2, 1024, 26, 26)    ------- (op: AffineChannel)
INFO net.py: 240: res4_4_branch2c_bn          : (2, 1024, 26, 26)    => res4_4_branch2c_bn          : (2, 1024, 26, 26)    ------- (op: Sum)
INFO net.py: 240: res4_3_branch2c_bn          : (2, 1024, 26, 26)    => res4_4_branch2c_bn          : (2, 1024, 26, 26)    ------|
INFO net.py: 240: res4_4_branch2c_bn          : (2, 1024, 26, 26)    => res4_4_branch2c_bn          : (2, 1024, 26, 26)    ------- (op: Relu)
INFO net.py: 240: res4_4_branch2c_bn          : (2, 1024, 26, 26)    => res4_5_branch2a             : (2, 256, 26, 26)     ------- (op: Conv)
INFO net.py: 240: res4_5_branch2a             : (2, 256, 26, 26)     => res4_5_branch2a             : (2, 256, 26, 26)     ------- (op: AffineChannel)
INFO net.py: 240: res4_5_branch2a             : (2, 256, 26, 26)     => res4_5_branch2a             : (2, 256, 26, 26)     ------- (op: Relu)
INFO net.py: 240: res4_5_branch2a             : (2, 256, 26, 26)     => res4_5_branch2b             : (2, 256, 26, 26)     ------- (op: Conv)
INFO net.py: 240: res4_5_branch2b             : (2, 256, 26, 26)     => res4_5_branch2b             : (2, 256, 26, 26)     ------- (op: AffineChannel)
INFO net.py: 240: res4_5_branch2b             : (2, 256, 26, 26)     => res4_5_branch2b             : (2, 256, 26, 26)     ------- (op: Relu)
INFO net.py: 240: res4_5_branch2b             : (2, 256, 26, 26)     => res4_5_branch2c             : (2, 1024, 26, 26)    ------- (op: Conv)
INFO net.py: 240: res4_5_branch2c             : (2, 1024, 26, 26)    => res4_5_branch2c_bn          : (2, 1024, 26, 26)    ------- (op: AffineChannel)
INFO net.py: 240: res4_5_branch2c_bn          : (2, 1024, 26, 26)    => res4_5_sum                  : (2, 1024, 26, 26)    ------- (op: Sum)
INFO net.py: 240: res4_4_branch2c_bn          : (2, 1024, 26, 26)    => res4_5_sum                  : (2, 1024, 26, 26)    ------|
INFO net.py: 240: res4_5_sum                  : (2, 1024, 26, 26)    => res4_5_sum                  : (2, 1024, 26, 26)    ------- (op: Relu)
INFO net.py: 240: res4_5_sum                  : (2, 1024, 26, 26)    => res5_0_branch2a             : (2, 512, 13, 13)     ------- (op: Conv)
INFO net.py: 240: res5_0_branch2a             : (2, 512, 13, 13)     => res5_0_branch2a             : (2, 512, 13, 13)     ------- (op: AffineChannel)
INFO net.py: 240: res5_0_branch2a             : (2, 512, 13, 13)     => res5_0_branch2a             : (2, 512, 13, 13)     ------- (op: Relu)
INFO net.py: 240: res5_0_branch2a             : (2, 512, 13, 13)     => res5_0_branch2b             : (2, 512, 13, 13)     ------- (op: Conv)
INFO net.py: 240: res5_0_branch2b             : (2, 512, 13, 13)     => res5_0_branch2b             : (2, 512, 13, 13)     ------- (op: AffineChannel)
INFO net.py: 240: res5_0_branch2b             : (2, 512, 13, 13)     => res5_0_branch2b             : (2, 512, 13, 13)     ------- (op: Relu)
INFO net.py: 240: res5_0_branch2b             : (2, 512, 13, 13)     => res5_0_branch2c             : (2, 2048, 13, 13)    ------- (op: Conv)
INFO net.py: 240: res5_0_branch2c             : (2, 2048, 13, 13)    => res5_0_branch2c_bn          : (2, 2048, 13, 13)    ------- (op: AffineChannel)
INFO net.py: 240: res4_5_sum                  : (2, 1024, 26, 26)    => res5_0_branch1              : (2, 2048, 13, 13)    ------- (op: Conv)
INFO net.py: 240: res5_0_branch1              : (2, 2048, 13, 13)    => res5_0_branch1_bn           : (2, 2048, 13, 13)    ------- (op: AffineChannel)
INFO net.py: 240: res5_0_branch2c_bn          : (2, 2048, 13, 13)    => res5_0_branch2c_bn          : (2, 2048, 13, 13)    ------- (op: Sum)
INFO net.py: 240: res5_0_branch1_bn           : (2, 2048, 13, 13)    => res5_0_branch2c_bn          : (2, 2048, 13, 13)    ------|
INFO net.py: 240: res5_0_branch2c_bn          : (2, 2048, 13, 13)    => res5_0_branch2c_bn          : (2, 2048, 13, 13)    ------- (op: Relu)
INFO net.py: 240: res5_0_branch2c_bn          : (2, 2048, 13, 13)    => res5_1_branch2a             : (2, 512, 13, 13)     ------- (op: Conv)
INFO net.py: 240: res5_1_branch2a             : (2, 512, 13, 13)     => res5_1_branch2a             : (2, 512, 13, 13)     ------- (op: AffineChannel)
INFO net.py: 240: res5_1_branch2a             : (2, 512, 13, 13)     => res5_1_branch2a             : (2, 512, 13, 13)     ------- (op: Relu)
INFO net.py: 240: res5_1_branch2a             : (2, 512, 13, 13)     => res5_1_branch2b             : (2, 512, 13, 13)     ------- (op: Conv)
INFO net.py: 240: res5_1_branch2b             : (2, 512, 13, 13)     => res5_1_branch2b             : (2, 512, 13, 13)     ------- (op: AffineChannel)
INFO net.py: 240: res5_1_branch2b             : (2, 512, 13, 13)     => res5_1_branch2b             : (2, 512, 13, 13)     ------- (op: Relu)
INFO net.py: 240: res5_1_branch2b             : (2, 512, 13, 13)     => res5_1_branch2c             : (2, 2048, 13, 13)    ------- (op: Conv)
INFO net.py: 240: res5_1_branch2c             : (2, 2048, 13, 13)    => res5_1_branch2c_bn          : (2, 2048, 13, 13)    ------- (op: AffineChannel)
INFO net.py: 240: res5_1_branch2c_bn          : (2, 2048, 13, 13)    => res5_1_branch2c_bn          : (2, 2048, 13, 13)    ------- (op: Sum)
INFO net.py: 240: res5_0_branch2c_bn          : (2, 2048, 13, 13)    => res5_1_branch2c_bn          : (2, 2048, 13, 13)    ------|
INFO net.py: 240: res5_1_branch2c_bn          : (2, 2048, 13, 13)    => res5_1_branch2c_bn          : (2, 2048, 13, 13)    ------- (op: Relu)
INFO net.py: 240: res5_1_branch2c_bn          : (2, 2048, 13, 13)    => res5_2_branch2a             : (2, 512, 13, 13)     ------- (op: Conv)
INFO net.py: 240: res5_2_branch2a             : (2, 512, 13, 13)     => res5_2_branch2a             : (2, 512, 13, 13)     ------- (op: AffineChannel)
INFO net.py: 240: res5_2_branch2a             : (2, 512, 13, 13)     => res5_2_branch2a             : (2, 512, 13, 13)     ------- (op: Relu)
INFO net.py: 240: res5_2_branch2a             : (2, 512, 13, 13)     => res5_2_branch2b             : (2, 512, 13, 13)     ------- (op: Conv)
INFO net.py: 240: res5_2_branch2b             : (2, 512, 13, 13)     => res5_2_branch2b             : (2, 512, 13, 13)     ------- (op: AffineChannel)
INFO net.py: 240: res5_2_branch2b             : (2, 512, 13, 13)     => res5_2_branch2b             : (2, 512, 13, 13)     ------- (op: Relu)
INFO net.py: 240: res5_2_branch2b             : (2, 512, 13, 13)     => res5_2_branch2c             : (2, 2048, 13, 13)    ------- (op: Conv)
INFO net.py: 240: res5_2_branch2c             : (2, 2048, 13, 13)    => res5_2_branch2c_bn          : (2, 2048, 13, 13)    ------- (op: AffineChannel)
INFO net.py: 240: res5_2_branch2c_bn          : (2, 2048, 13, 13)    => res5_2_sum                  : (2, 2048, 13, 13)    ------- (op: Sum)
INFO net.py: 240: res5_1_branch2c_bn          : (2, 2048, 13, 13)    => res5_2_sum                  : (2, 2048, 13, 13)    ------|
INFO net.py: 240: res5_2_sum                  : (2, 2048, 13, 13)    => res5_2_sum                  : (2, 2048, 13, 13)    ------- (op: Relu)
INFO net.py: 240: res5_2_sum                  : (2, 2048, 13, 13)    => fpn_inner_res5_2_sum        : (2, 256, 13, 13)     ------- (op: Conv)
INFO net.py: 240: res4_5_sum                  : (2, 1024, 26, 26)    => fpn_inner_res4_5_sum_lateral: (2, 256, 26, 26)     ------- (op: Conv)
INFO net.py: 240: fpn_inner_res5_2_sum        : (2, 256, 13, 13)     => fpn_inner_res4_5_sum_topdown: (2, 256, 26, 26)     ------- (op: UpsampleNearest)
INFO net.py: 240: fpn_inner_res4_5_sum_lateral: (2, 256, 26, 26)     => fpn_inner_res4_5_sum        : (2, 256, 26, 26)     ------- (op: Sum)
INFO net.py: 240: fpn_inner_res4_5_sum_topdown: (2, 256, 26, 26)     => fpn_inner_res4_5_sum        : (2, 256, 26, 26)     ------|
INFO net.py: 240: res3_3_sum                  : (2, 512, 52, 52)     => fpn_inner_res3_3_sum_lateral: (2, 256, 52, 52)     ------- (op: Conv)
INFO net.py: 240: fpn_inner_res4_5_sum        : (2, 256, 26, 26)     => fpn_inner_res3_3_sum_topdown: (2, 256, 52, 52)     ------- (op: UpsampleNearest)
INFO net.py: 240: fpn_inner_res3_3_sum_lateral: (2, 256, 52, 52)     => fpn_inner_res3_3_sum        : (2, 256, 52, 52)     ------- (op: Sum)
INFO net.py: 240: fpn_inner_res3_3_sum_topdown: (2, 256, 52, 52)     => fpn_inner_res3_3_sum        : (2, 256, 52, 52)     ------|
INFO net.py: 240: res2_2_sum                  : (2, 256, 104, 104)   => fpn_inner_res2_2_sum_lateral: (2, 256, 104, 104)   ------- (op: Conv)
INFO net.py: 240: fpn_inner_res3_3_sum        : (2, 256, 52, 52)     => fpn_inner_res2_2_sum_topdown: (2, 256, 104, 104)   ------- (op: UpsampleNearest)
INFO net.py: 240: fpn_inner_res2_2_sum_lateral: (2, 256, 104, 104)   => fpn_inner_res2_2_sum        : (2, 256, 104, 104)   ------- (op: Sum)
INFO net.py: 240: fpn_inner_res2_2_sum_topdown: (2, 256, 104, 104)   => fpn_inner_res2_2_sum        : (2, 256, 104, 104)   ------|
INFO net.py: 240: fpn_inner_res5_2_sum        : (2, 256, 13, 13)     => fpn_res5_2_sum              : (2, 256, 13, 13)     ------- (op: Conv)
INFO net.py: 240: fpn_inner_res4_5_sum        : (2, 256, 26, 26)     => fpn_res4_5_sum              : (2, 256, 26, 26)     ------- (op: Conv)
INFO net.py: 240: fpn_inner_res3_3_sum        : (2, 256, 52, 52)     => fpn_res3_3_sum              : (2, 256, 52, 52)     ------- (op: Conv)
INFO net.py: 240: fpn_inner_res2_2_sum        : (2, 256, 104, 104)   => fpn_res2_2_sum              : (2, 256, 104, 104)   ------- (op: Conv)
INFO net.py: 240: fpn_res5_2_sum              : (2, 256, 13, 13)     => fpn_res5_2_sum_subsampled_2x: (2, 256, 7, 7)       ------- (op: MaxPool)
INFO net.py: 240: fpn_res2_2_sum              : (2, 256, 104, 104)   => conv_rpn_fpn2               : (2, 256, 104, 104)   ------- (op: Conv)
INFO net.py: 240: conv_rpn_fpn2               : (2, 256, 104, 104)   => conv_rpn_fpn2               : (2, 256, 104, 104)   ------- (op: Relu)
INFO net.py: 240: conv_rpn_fpn2               : (2, 256, 104, 104)   => rpn_cls_logits_fpn2         : (2, 3, 104, 104)     ------- (op: Conv)
INFO net.py: 240: conv_rpn_fpn2               : (2, 256, 104, 104)   => rpn_bbox_pred_fpn2          : (2, 12, 104, 104)    ------- (op: Conv)
INFO net.py: 240: fpn_res3_3_sum              : (2, 256, 52, 52)     => conv_rpn_fpn3               : (2, 256, 52, 52)     ------- (op: Conv)
INFO net.py: 240: conv_rpn_fpn3               : (2, 256, 52, 52)     => conv_rpn_fpn3               : (2, 256, 52, 52)     ------- (op: Relu)
INFO net.py: 240: conv_rpn_fpn3               : (2, 256, 52, 52)     => rpn_cls_logits_fpn3         : (2, 3, 52, 52)       ------- (op: Conv)
INFO net.py: 240: conv_rpn_fpn3               : (2, 256, 52, 52)     => rpn_bbox_pred_fpn3          : (2, 12, 52, 52)      ------- (op: Conv)
INFO net.py: 240: fpn_res4_5_sum              : (2, 256, 26, 26)     => conv_rpn_fpn4               : (2, 256, 26, 26)     ------- (op: Conv)
INFO net.py: 240: conv_rpn_fpn4               : (2, 256, 26, 26)     => conv_rpn_fpn4               : (2, 256, 26, 26)     ------- (op: Relu)
INFO net.py: 240: conv_rpn_fpn4               : (2, 256, 26, 26)     => rpn_cls_logits_fpn4         : (2, 3, 26, 26)       ------- (op: Conv)
INFO net.py: 240: conv_rpn_fpn4               : (2, 256, 26, 26)     => rpn_bbox_pred_fpn4          : (2, 12, 26, 26)      ------- (op: Conv)
INFO net.py: 240: fpn_res5_2_sum              : (2, 256, 13, 13)     => conv_rpn_fpn5               : (2, 256, 13, 13)     ------- (op: Conv)
INFO net.py: 240: conv_rpn_fpn5               : (2, 256, 13, 13)     => conv_rpn_fpn5               : (2, 256, 13, 13)     ------- (op: Relu)
INFO net.py: 240: conv_rpn_fpn5               : (2, 256, 13, 13)     => rpn_cls_logits_fpn5         : (2, 3, 13, 13)       ------- (op: Conv)
INFO net.py: 240: conv_rpn_fpn5               : (2, 256, 13, 13)     => rpn_bbox_pred_fpn5          : (2, 12, 13, 13)      ------- (op: Conv)
INFO net.py: 240: fpn_res5_2_sum_subsampled_2x: (2, 256, 7, 7)       => conv_rpn_fpn6               : (2, 256, 7, 7)       ------- (op: Conv)
INFO net.py: 240: conv_rpn_fpn6               : (2, 256, 7, 7)       => conv_rpn_fpn6               : (2, 256, 7, 7)       ------- (op: Relu)
INFO net.py: 240: conv_rpn_fpn6               : (2, 256, 7, 7)       => rpn_cls_logits_fpn6         : (2, 3, 7, 7)         ------- (op: Conv)
INFO net.py: 240: conv_rpn_fpn6               : (2, 256, 7, 7)       => rpn_bbox_pred_fpn6          : (2, 12, 7, 7)        ------- (op: Conv)
INFO net.py: 240: rpn_labels_int32_wide_fpn2  : (2, 3, 336, 336)     => rpn_labels_int32_fpn2       : (2, 3, 104, 104)     ------- (op: SpatialNarrowAs)
INFO net.py: 240: rpn_cls_logits_fpn2         : (2, 3, 104, 104)     => rpn_labels_int32_fpn2       : (2, 3, 104, 104)     ------|
INFO net.py: 240: rpn_bbox_targets_wide_fpn2  : (2, 12, 336, 336)    => rpn_bbox_targets_fpn2       : (2, 12, 104, 104)    ------- (op: SpatialNarrowAs)
INFO net.py: 240: rpn_bbox_pred_fpn2          : (2, 12, 104, 104)    => rpn_bbox_targets_fpn2       : (2, 12, 104, 104)    ------|
INFO net.py: 240: rpn_bbox_inside_weights_wide_fpn2: (2, 12, 336, 336)    => rpn_bbox_inside_weights_fpn2: (2, 12, 104, 104)    ------- (op: SpatialNarrowAs)
INFO net.py: 240: rpn_bbox_pred_fpn2          : (2, 12, 104, 104)    => rpn_bbox_inside_weights_fpn2: (2, 12, 104, 104)    ------|
INFO net.py: 240: rpn_bbox_outside_weights_wide_fpn2: (2, 12, 336, 336)    => rpn_bbox_outside_weights_fpn2: (2, 12, 104, 104)    ------- (op: SpatialNarrowAs)
INFO net.py: 240: rpn_bbox_pred_fpn2          : (2, 12, 104, 104)    => rpn_bbox_outside_weights_fpn2: (2, 12, 104, 104)    ------|
INFO net.py: 240: rpn_cls_logits_fpn2         : (2, 3, 104, 104)     => loss_rpn_cls_fpn2           : ()                   ------- (op: SigmoidCrossEntropyLoss)
INFO net.py: 240: rpn_labels_int32_fpn2       : (2, 3, 104, 104)     => loss_rpn_cls_fpn2           : ()                   ------|
INFO net.py: 240: rpn_bbox_pred_fpn2          : (2, 12, 104, 104)    => loss_rpn_bbox_fpn2          : ()                   ------- (op: SmoothL1Loss)
INFO net.py: 240: rpn_bbox_targets_fpn2       : (2, 12, 104, 104)    => loss_rpn_bbox_fpn2          : ()                   ------|
INFO net.py: 240: rpn_bbox_inside_weights_fpn2: (2, 12, 104, 104)    => loss_rpn_bbox_fpn2          : ()                   ------|
INFO net.py: 240: rpn_bbox_outside_weights_fpn2: (2, 12, 104, 104)    => loss_rpn_bbox_fpn2          : ()                   ------|
INFO net.py: 240: rpn_labels_int32_wide_fpn3  : (2, 3, 168, 168)     => rpn_labels_int32_fpn3       : (2, 3, 52, 52)       ------- (op: SpatialNarrowAs)
INFO net.py: 240: rpn_cls_logits_fpn3         : (2, 3, 52, 52)       => rpn_labels_int32_fpn3       : (2, 3, 52, 52)       ------|
INFO net.py: 240: rpn_bbox_targets_wide_fpn3  : (2, 12, 168, 168)    => rpn_bbox_targets_fpn3       : (2, 12, 52, 52)      ------- (op: SpatialNarrowAs)
INFO net.py: 240: rpn_bbox_pred_fpn3          : (2, 12, 52, 52)      => rpn_bbox_targets_fpn3       : (2, 12, 52, 52)      ------|
INFO net.py: 240: rpn_bbox_inside_weights_wide_fpn3: (2, 12, 168, 168)    => rpn_bbox_inside_weights_fpn3: (2, 12, 52, 52)      ------- (op: SpatialNarrowAs)
INFO net.py: 240: rpn_bbox_pred_fpn3          : (2, 12, 52, 52)      => rpn_bbox_inside_weights_fpn3: (2, 12, 52, 52)      ------|
INFO net.py: 240: rpn_bbox_outside_weights_wide_fpn3: (2, 12, 168, 168)    => rpn_bbox_outside_weights_fpn3: (2, 12, 52, 52)      ------- (op: SpatialNarrowAs)
INFO net.py: 240: rpn_bbox_pred_fpn3          : (2, 12, 52, 52)      => rpn_bbox_outside_weights_fpn3: (2, 12, 52, 52)      ------|
INFO net.py: 240: rpn_cls_logits_fpn3         : (2, 3, 52, 52)       => loss_rpn_cls_fpn3           : ()                   ------- (op: SigmoidCrossEntropyLoss)
INFO net.py: 240: rpn_labels_int32_fpn3       : (2, 3, 52, 52)       => loss_rpn_cls_fpn3           : ()                   ------|
INFO net.py: 240: rpn_bbox_pred_fpn3          : (2, 12, 52, 52)      => loss_rpn_bbox_fpn3          : ()                   ------- (op: SmoothL1Loss)
INFO net.py: 240: rpn_bbox_targets_fpn3       : (2, 12, 52, 52)      => loss_rpn_bbox_fpn3          : ()                   ------|
INFO net.py: 240: rpn_bbox_inside_weights_fpn3: (2, 12, 52, 52)      => loss_rpn_bbox_fpn3          : ()                   ------|
INFO net.py: 240: rpn_bbox_outside_weights_fpn3: (2, 12, 52, 52)      => loss_rpn_bbox_fpn3          : ()                   ------|
INFO net.py: 240: rpn_labels_int32_wide_fpn4  : (2, 3, 84, 84)       => rpn_labels_int32_fpn4       : (2, 3, 26, 26)       ------- (op: SpatialNarrowAs)
INFO net.py: 240: rpn_cls_logits_fpn4         : (2, 3, 26, 26)       => rpn_labels_int32_fpn4       : (2, 3, 26, 26)       ------|
INFO net.py: 240: rpn_bbox_targets_wide_fpn4  : (2, 12, 84, 84)      => rpn_bbox_targets_fpn4       : (2, 12, 26, 26)      ------- (op: SpatialNarrowAs)
INFO net.py: 240: rpn_bbox_pred_fpn4          : (2, 12, 26, 26)      => rpn_bbox_targets_fpn4       : (2, 12, 26, 26)      ------|
INFO net.py: 240: rpn_bbox_inside_weights_wide_fpn4: (2, 12, 84, 84)      => rpn_bbox_inside_weights_fpn4: (2, 12, 26, 26)      ------- (op: SpatialNarrowAs)
INFO net.py: 240: rpn_bbox_pred_fpn4          : (2, 12, 26, 26)      => rpn_bbox_inside_weights_fpn4: (2, 12, 26, 26)      ------|
INFO net.py: 240: rpn_bbox_outside_weights_wide_fpn4: (2, 12, 84, 84)      => rpn_bbox_outside_weights_fpn4: (2, 12, 26, 26)      ------- (op: SpatialNarrowAs)
INFO net.py: 240: rpn_bbox_pred_fpn4          : (2, 12, 26, 26)      => rpn_bbox_outside_weights_fpn4: (2, 12, 26, 26)      ------|
INFO net.py: 240: rpn_cls_logits_fpn4         : (2, 3, 26, 26)       => loss_rpn_cls_fpn4           : ()                   ------- (op: SigmoidCrossEntropyLoss)
INFO net.py: 240: rpn_labels_int32_fpn4       : (2, 3, 26, 26)       => loss_rpn_cls_fpn4           : ()                   ------|
INFO net.py: 240: rpn_bbox_pred_fpn4          : (2, 12, 26, 26)      => loss_rpn_bbox_fpn4          : ()                   ------- (op: SmoothL1Loss)
INFO net.py: 240: rpn_bbox_targets_fpn4       : (2, 12, 26, 26)      => loss_rpn_bbox_fpn4          : ()                   ------|
INFO net.py: 240: rpn_bbox_inside_weights_fpn4: (2, 12, 26, 26)      => loss_rpn_bbox_fpn4          : ()                   ------|
INFO net.py: 240: rpn_bbox_outside_weights_fpn4: (2, 12, 26, 26)      => loss_rpn_bbox_fpn4          : ()                   ------|
INFO net.py: 240: rpn_labels_int32_wide_fpn5  : (2, 3, 42, 42)       => rpn_labels_int32_fpn5       : (2, 3, 13, 13)       ------- (op: SpatialNarrowAs)
INFO net.py: 240: rpn_cls_logits_fpn5         : (2, 3, 13, 13)       => rpn_labels_int32_fpn5       : (2, 3, 13, 13)       ------|
INFO net.py: 240: rpn_bbox_targets_wide_fpn5  : (2, 12, 42, 42)      => rpn_bbox_targets_fpn5       : (2, 12, 13, 13)      ------- (op: SpatialNarrowAs)
INFO net.py: 240: rpn_bbox_pred_fpn5          : (2, 12, 13, 13)      => rpn_bbox_targets_fpn5       : (2, 12, 13, 13)      ------|
INFO net.py: 240: rpn_bbox_inside_weights_wide_fpn5: (2, 12, 42, 42)      => rpn_bbox_inside_weights_fpn5: (2, 12, 13, 13)      ------- (op: SpatialNarrowAs)
INFO net.py: 240: rpn_bbox_pred_fpn5          : (2, 12, 13, 13)      => rpn_bbox_inside_weights_fpn5: (2, 12, 13, 13)      ------|
INFO net.py: 240: rpn_bbox_outside_weights_wide_fpn5: (2, 12, 42, 42)      => rpn_bbox_outside_weights_fpn5: (2, 12, 13, 13)      ------- (op: SpatialNarrowAs)
INFO net.py: 240: rpn_bbox_pred_fpn5          : (2, 12, 13, 13)      => rpn_bbox_outside_weights_fpn5: (2, 12, 13, 13)      ------|
INFO net.py: 240: rpn_cls_logits_fpn5         : (2, 3, 13, 13)       => loss_rpn_cls_fpn5           : ()                   ------- (op: SigmoidCrossEntropyLoss)
INFO net.py: 240: rpn_labels_int32_fpn5       : (2, 3, 13, 13)       => loss_rpn_cls_fpn5           : ()                   ------|
INFO net.py: 240: rpn_bbox_pred_fpn5          : (2, 12, 13, 13)      => loss_rpn_bbox_fpn5          : ()                   ------- (op: SmoothL1Loss)
INFO net.py: 240: rpn_bbox_targets_fpn5       : (2, 12, 13, 13)      => loss_rpn_bbox_fpn5          : ()                   ------|
INFO net.py: 240: rpn_bbox_inside_weights_fpn5: (2, 12, 13, 13)      => loss_rpn_bbox_fpn5          : ()                   ------|
INFO net.py: 240: rpn_bbox_outside_weights_fpn5: (2, 12, 13, 13)      => loss_rpn_bbox_fpn5          : ()                   ------|
INFO net.py: 240: rpn_labels_int32_wide_fpn6  : (2, 3, 21, 21)       => rpn_labels_int32_fpn6       : (2, 3, 7, 7)         ------- (op: SpatialNarrowAs)
INFO net.py: 240: rpn_cls_logits_fpn6         : (2, 3, 7, 7)         => rpn_labels_int32_fpn6       : (2, 3, 7, 7)         ------|
INFO net.py: 240: rpn_bbox_targets_wide_fpn6  : (2, 12, 21, 21)      => rpn_bbox_targets_fpn6       : (2, 12, 7, 7)        ------- (op: SpatialNarrowAs)
INFO net.py: 240: rpn_bbox_pred_fpn6          : (2, 12, 7, 7)        => rpn_bbox_targets_fpn6       : (2, 12, 7, 7)        ------|
INFO net.py: 240: rpn_bbox_inside_weights_wide_fpn6: (2, 12, 21, 21)      => rpn_bbox_inside_weights_fpn6: (2, 12, 7, 7)        ------- (op: SpatialNarrowAs)
INFO net.py: 240: rpn_bbox_pred_fpn6          : (2, 12, 7, 7)        => rpn_bbox_inside_weights_fpn6: (2, 12, 7, 7)        ------|
INFO net.py: 240: rpn_bbox_outside_weights_wide_fpn6: (2, 12, 21, 21)      => rpn_bbox_outside_weights_fpn6: (2, 12, 7, 7)        ------- (op: SpatialNarrowAs)
INFO net.py: 240: rpn_bbox_pred_fpn6          : (2, 12, 7, 7)        => rpn_bbox_outside_weights_fpn6: (2, 12, 7, 7)        ------|
INFO net.py: 240: rpn_cls_logits_fpn6         : (2, 3, 7, 7)         => loss_rpn_cls_fpn6           : ()                   ------- (op: SigmoidCrossEntropyLoss)
INFO net.py: 240: rpn_labels_int32_fpn6       : (2, 3, 7, 7)         => loss_rpn_cls_fpn6           : ()                   ------|
INFO net.py: 240: rpn_bbox_pred_fpn6          : (2, 12, 7, 7)        => loss_rpn_bbox_fpn6          : ()                   ------- (op: SmoothL1Loss)
INFO net.py: 240: rpn_bbox_targets_fpn6       : (2, 12, 7, 7)        => loss_rpn_bbox_fpn6          : ()                   ------|
INFO net.py: 240: rpn_bbox_inside_weights_fpn6: (2, 12, 7, 7)        => loss_rpn_bbox_fpn6          : ()                   ------|
INFO net.py: 240: rpn_bbox_outside_weights_fpn6: (2, 12, 7, 7)        => loss_rpn_bbox_fpn6          : ()                   ------|
INFO net.py: 244: End of model: generalized_rcnn
json_stats: {"eta": "1 day, 17:34:54", "iter": 0, "loss": 0.737445, "loss_rpn_bbox_fpn2": 0.008712, "loss_rpn_bbox_fpn3": 0.024917, "loss_rpn_bbox_fpn4": 0.013956, "loss_rpn_bbox_fpn5": 0.000000, "loss_rpn_bbox_fpn6": 0.000000, "loss_rpn_cls_fpn2": 0.503586, "loss_rpn_cls_fpn3": 0.133871, "loss_rpn_cls_fpn4": 0.044347, "loss_rpn_cls_fpn5": 0.005374, "loss_rpn_cls_fpn6": 0.002682, "lr": 0.001000, "mb_qsize": 64, "mem": 1710, "time": 1.663268}
json_stats: {"eta": "4:48:07", "iter": 20, "loss": 0.635442, "loss_rpn_bbox_fpn2": 0.023649, "loss_rpn_bbox_fpn3": 0.045636, "loss_rpn_bbox_fpn4": 0.017072, "loss_rpn_bbox_fpn5": 0.000000, "loss_rpn_bbox_fpn6": 0.000000, "loss_rpn_cls_fpn2": 0.255293, "loss_rpn_cls_fpn3": 0.152406, "loss_rpn_cls_fpn4": 0.048677, "loss_rpn_cls_fpn5": 0.007009, "loss_rpn_cls_fpn6": 0.001220, "lr": 0.001080, "mb_qsize": 64, "mem": 1986, "time": 0.192127}
json_stats: {"eta": "3:04:06", "iter": 40, "loss": 0.323687, "loss_rpn_bbox_fpn2": 0.011138, "loss_rpn_bbox_fpn3": 0.032448, "loss_rpn_bbox_fpn4": 0.015119, "loss_rpn_bbox_fpn5": 0.001685, "loss_rpn_bbox_fpn6": 0.000000, "loss_rpn_cls_fpn2": 0.058078, "loss_rpn_cls_fpn3": 0.129406, "loss_rpn_cls_fpn4": 0.040944, "loss_rpn_cls_fpn5": 0.006479, "loss_rpn_cls_fpn6": 0.000000, "lr": 0.001160, "mb_qsize": 64, "mem": 1987, "time": 0.122791}
json_stats: {"eta": "3:11:13", "iter": 60, "loss": 0.287941, "loss_rpn_bbox_fpn2": 0.011594, "loss_rpn_bbox_fpn3": 0.030264, "loss_rpn_bbox_fpn4": 0.013249, "loss_rpn_bbox_fpn5": 0.005064, "loss_rpn_bbox_fpn6": 0.000000, "loss_rpn_cls_fpn2": 0.066225, "loss_rpn_cls_fpn3": 0.098795, "loss_rpn_cls_fpn4": 0.037158, "loss_rpn_cls_fpn5": 0.011294, "loss_rpn_cls_fpn6": 0.001081, "lr": 0.001240, "mb_qsize": 64, "mem": 1989, "time": 0.127574}
json_stats: {"eta": "3:10:52", "iter": 80, "loss": 0.275497, "loss_rpn_bbox_fpn2": 0.010568, "loss_rpn_bbox_fpn3": 0.018704, "loss_rpn_bbox_fpn4": 0.017672, "loss_rpn_bbox_fpn5": 0.001904, "loss_rpn_bbox_fpn6": 0.000000, "loss_rpn_cls_fpn2": 0.052233, "loss_rpn_cls_fpn3": 0.074197, "loss_rpn_cls_fpn4": 0.046569, "loss_rpn_cls_fpn5": 0.008023, "loss_rpn_cls_fpn6": 0.001083, "lr": 0.001320, "mb_qsize": 64, "mem": 1990, "time": 0.127367}
json_stats: {"eta": "3:09:24", "iter": 100, "loss": 0.313066, "loss_rpn_bbox_fpn2": 0.012942, "loss_rpn_bbox_fpn3": 0.020877, "loss_rpn_bbox_fpn4": 0.026860, "loss_rpn_bbox_fpn5": 0.008166, "loss_rpn_bbox_fpn6": 0.000000, "loss_rpn_cls_fpn2": 0.051717, "loss_rpn_cls_fpn3": 0.082790, "loss_rpn_cls_fpn4": 0.046510, "loss_rpn_cls_fpn5": 0.014292, "loss_rpn_cls_fpn6": 0.001208, "lr": 0.001400, "mb_qsize": 64, "mem": 1990, "time": 0.126410}
json_stats: {"eta": "3:12:48", "iter": 120, "loss": 0.274653, "loss_rpn_bbox_fpn2": 0.011677, "loss_rpn_bbox_fpn3": 0.021037, "loss_rpn_bbox_fpn4": 0.017745, "loss_rpn_bbox_fpn5": 0.000571, "loss_rpn_bbox_fpn6": 0.000000, "loss_rpn_cls_fpn2": 0.059073, "loss_rpn_cls_fpn3": 0.063122, "loss_rpn_cls_fpn4": 0.043746, "loss_rpn_cls_fpn5": 0.007607, "loss_rpn_cls_fpn6": 0.001068, "lr": 0.001480, "mb_qsize": 64, "mem": 1990, "time": 0.128708}
json_stats: {"eta": "3:10:55", "iter": 140, "loss": 0.250297, "loss_rpn_bbox_fpn2": 0.012619, "loss_rpn_bbox_fpn3": 0.018370, "loss_rpn_bbox_fpn4": 0.011599, "loss_rpn_bbox_fpn5": 0.003208, "loss_rpn_bbox_fpn6": 0.000000, "loss_rpn_cls_fpn2": 0.052425, "loss_rpn_cls_fpn3": 0.049124, "loss_rpn_cls_fpn4": 0.035274, "loss_rpn_cls_fpn5": 0.010652, "loss_rpn_cls_fpn6": 0.001085, "lr": 0.001560, "mb_qsize": 64, "mem": 1990, "time": 0.127481}
json_stats: {"eta": "3:14:50", "iter": 160, "loss": 0.246009, "loss_rpn_bbox_fpn2": 0.017200, "loss_rpn_bbox_fpn3": 0.019689, "loss_rpn_bbox_fpn4": 0.023097, "loss_rpn_bbox_fpn5": 0.004670, "loss_rpn_bbox_fpn6": 0.000000, "loss_rpn_cls_fpn2": 0.059594, "loss_rpn_cls_fpn3": 0.049409, "loss_rpn_cls_fpn4": 0.032006, "loss_rpn_cls_fpn5": 0.009906, "loss_rpn_cls_fpn6": 0.001231, "lr": 0.001640, "mb_qsize": 64, "mem": 2668, "time": 0.130128}
json_stats: {"eta": "3:12:24", "iter": 180, "loss": 0.187143, "loss_rpn_bbox_fpn2": 0.007512, "loss_rpn_bbox_fpn3": 0.013395, "loss_rpn_bbox_fpn4": 0.012920, "loss_rpn_bbox_fpn5": 0.008859, "loss_rpn_bbox_fpn6": 0.000000, "loss_rpn_cls_fpn2": 0.037302, "loss_rpn_cls_fpn3": 0.035887, "loss_rpn_cls_fpn4": 0.029962, "loss_rpn_cls_fpn5": 0.014614, "loss_rpn_cls_fpn6": 0.001446, "lr": 0.001720, "mb_qsize": 64, "mem": 2668, "time": 0.128526}
json_stats: {"eta": "3:09:59", "iter": 200, "loss": 0.197974, "loss_rpn_bbox_fpn2": 0.008309, "loss_rpn_bbox_fpn3": 0.016212, "loss_rpn_bbox_fpn4": 0.026453, "loss_rpn_bbox_fpn5": 0.000597, "loss_rpn_bbox_fpn6": 0.000000, "loss_rpn_cls_fpn2": 0.038307, "loss_rpn_cls_fpn3": 0.035489, "loss_rpn_cls_fpn4": 0.030339, "loss_rpn_cls_fpn5": 0.007477, "loss_rpn_cls_fpn6": 0.000324, "lr": 0.001800, "mb_qsize": 64, "mem": 2668, "time": 0.126949}
json_stats: {"eta": "3:09:37", "iter": 220, "loss": 0.133756, "loss_rpn_bbox_fpn2": 0.007824, "loss_rpn_bbox_fpn3": 0.014331, "loss_rpn_bbox_fpn4": 0.014260, "loss_rpn_bbox_fpn5": 0.007010, "loss_rpn_bbox_fpn6": 0.000000, "loss_rpn_cls_fpn2": 0.030335, "loss_rpn_cls_fpn3": 0.023862, "loss_rpn_cls_fpn4": 0.024017, "loss_rpn_cls_fpn5": 0.007165, "loss_rpn_cls_fpn6": 0.000749, "lr": 0.001880, "mb_qsize": 64, "mem": 2671, "time": 0.126727}
json_stats: {"eta": "3:10:42", "iter": 240, "loss": 0.168055, "loss_rpn_bbox_fpn2": 0.011295, "loss_rpn_bbox_fpn3": 0.021984, "loss_rpn_bbox_fpn4": 0.018649, "loss_rpn_bbox_fpn5": 0.001147, "loss_rpn_bbox_fpn6": 0.000000, "loss_rpn_cls_fpn2": 0.033948, "loss_rpn_cls_fpn3": 0.033205, "loss_rpn_cls_fpn4": 0.022862, "loss_rpn_cls_fpn5": 0.005395, "loss_rpn_cls_fpn6": 0.000650, "lr": 0.001960, "mb_qsize": 64, "mem": 2671, "time": 0.127478}
json_stats: {"eta": "3:11:29", "iter": 260, "loss": 0.161832, "loss_rpn_bbox_fpn2": 0.007192, "loss_rpn_bbox_fpn3": 0.021629, "loss_rpn_bbox_fpn4": 0.008664, "loss_rpn_bbox_fpn5": 0.003731, "loss_rpn_bbox_fpn6": 0.000000, "loss_rpn_cls_fpn2": 0.027649, "loss_rpn_cls_fpn3": 0.029929, "loss_rpn_cls_fpn4": 0.022699, "loss_rpn_cls_fpn5": 0.005847, "loss_rpn_cls_fpn6": 0.000694, "lr": 0.002040, "mb_qsize": 64, "mem": 2671, "time": 0.128027}
json_stats: {"eta": "3:11:29", "iter": 280, "loss": 0.174867, "loss_rpn_bbox_fpn2": 0.016458, "loss_rpn_bbox_fpn3": 0.018550, "loss_rpn_bbox_fpn4": 0.011526, "loss_rpn_bbox_fpn5": 0.003481, "loss_rpn_bbox_fpn6": 0.000000, "loss_rpn_cls_fpn2": 0.049416, "loss_rpn_cls_fpn3": 0.026578, "loss_rpn_cls_fpn4": 0.022754, "loss_rpn_cls_fpn5": 0.007140, "loss_rpn_cls_fpn6": 0.000000, "lr": 0.002120, "mb_qsize": 64, "mem": 2672, "time": 0.128057}
json_stats: {"eta": "3:11:57", "iter": 300, "loss": 0.194826, "loss_rpn_bbox_fpn2": 0.012947, "loss_rpn_bbox_fpn3": 0.019285, "loss_rpn_bbox_fpn4": 0.015473, "loss_rpn_bbox_fpn5": 0.003879, "loss_rpn_bbox_fpn6": 0.000000, "loss_rpn_cls_fpn2": 0.028620, "loss_rpn_cls_fpn3": 0.037346, "loss_rpn_cls_fpn4": 0.028117, "loss_rpn_cls_fpn5": 0.007149, "loss_rpn_cls_fpn6": 0.000379, "lr": 0.002200, "mb_qsize": 64, "mem": 2675, "time": 0.128399}
json_stats: {"eta": "3:12:03", "iter": 320, "loss": 0.190200, "loss_rpn_bbox_fpn2": 0.006255, "loss_rpn_bbox_fpn3": 0.015220, "loss_rpn_bbox_fpn4": 0.021489, "loss_rpn_bbox_fpn5": 0.002737, "loss_rpn_bbox_fpn6": 0.000000, "loss_rpn_cls_fpn2": 0.026764, "loss_rpn_cls_fpn3": 0.030342, "loss_rpn_cls_fpn4": 0.030288, "loss_rpn_cls_fpn5": 0.005627, "loss_rpn_cls_fpn6": 0.000350, "lr": 0.002280, "mb_qsize": 64, "mem": 2675, "time": 0.128495}
json_stats: {"eta": "3:12:38", "iter": 340, "loss": 0.182198, "loss_rpn_bbox_fpn2": 0.017026, "loss_rpn_bbox_fpn3": 0.021275, "loss_rpn_bbox_fpn4": 0.026608, "loss_rpn_bbox_fpn5": 0.000000, "loss_rpn_bbox_fpn6": 0.000000, "loss_rpn_cls_fpn2": 0.036870, "loss_rpn_cls_fpn3": 0.029283, "loss_rpn_cls_fpn4": 0.030187, "loss_rpn_cls_fpn5": 0.002618, "loss_rpn_cls_fpn6": 0.000125, "lr": 0.002360, "mb_qsize": 64, "mem": 2675, "time": 0.128913}
json_stats: {"eta": "3:13:17", "iter": 360, "loss": 0.194125, "loss_rpn_bbox_fpn2": 0.014482, "loss_rpn_bbox_fpn3": 0.031302, "loss_rpn_bbox_fpn4": 0.030148, "loss_rpn_bbox_fpn5": 0.000158, "loss_rpn_bbox_fpn6": 0.000000, "loss_rpn_cls_fpn2": 0.039656, "loss_rpn_cls_fpn3": 0.047676, "loss_rpn_cls_fpn4": 0.026179, "loss_rpn_cls_fpn5": 0.002504, "loss_rpn_cls_fpn6": 0.000000, "lr": 0.002440, "mb_qsize": 64, "mem": 2675, "time": 0.129382}
json_stats: {"eta": "3:13:49", "iter": 380, "loss": 0.134521, "loss_rpn_bbox_fpn2": 0.007944, "loss_rpn_bbox_fpn3": 0.014456, "loss_rpn_bbox_fpn4": 0.011318, "loss_rpn_bbox_fpn5": 0.005078, "loss_rpn_bbox_fpn6": 0.000000, "loss_rpn_cls_fpn2": 0.032424, "loss_rpn_cls_fpn3": 0.025869, "loss_rpn_cls_fpn4": 0.015609, "loss_rpn_cls_fpn5": 0.005134, "loss_rpn_cls_fpn6": 0.000092, "lr": 0.002520, "mb_qsize": 64, "mem": 2675, "time": 0.129765}
json_stats: {"eta": "3:14:07", "iter": 400, "loss": 0.161354, "loss_rpn_bbox_fpn2": 0.013340, "loss_rpn_bbox_fpn3": 0.025777, "loss_rpn_bbox_fpn4": 0.009883, "loss_rpn_bbox_fpn5": 0.000119, "loss_rpn_bbox_fpn6": 0.000000, "loss_rpn_cls_fpn2": 0.035974, "loss_rpn_cls_fpn3": 0.034238, "loss_rpn_cls_fpn4": 0.017859, "loss_rpn_cls_fpn5": 0.002563, "loss_rpn_cls_fpn6": 0.000033, "lr": 0.002600, "mb_qsize": 64, "mem": 2678, "time": 0.129994}
json_stats: {"eta": "3:14:11", "iter": 420, "loss": 0.166844, "loss_rpn_bbox_fpn2": 0.012376, "loss_rpn_bbox_fpn3": 0.029315, "loss_rpn_bbox_fpn4": 0.009278, "loss_rpn_bbox_fpn5": 0.001324, "loss_rpn_bbox_fpn6": 0.000000, "loss_rpn_cls_fpn2": 0.031385, "loss_rpn_cls_fpn3": 0.033874, "loss_rpn_cls_fpn4": 0.018283, "loss_rpn_cls_fpn5": 0.003962, "loss_rpn_cls_fpn6": 0.000051, "lr": 0.002680, "mb_qsize": 64, "mem": 2679, "time": 0.130066}
INFO loader.py: 285: SIGINT: Shutting down RoIDataLoader threads and exiting...
INFO loader.py: 113: Stopping mini-batch loading thread
INFO loader.py: 126: Stopping enqueue thread
INFO loader.py: 113: Stopping mini-batch loading thread
INFO loader.py: 113: Stopping mini-batch loading thread
INFO loader.py: 113: Stopping mini-batch loading thread
Original python traceback for operator 0 in network `generalized_rcnn` in exception above (most recent call last):
  File "tools/train_net.py", line 281, in <module>
  File "tools/train_net.py", line 119, in main
  File "tools/train_net.py", line 128, in train_model
  File "tools/train_net.py", line 206, in create_model
  File "/home/swk/Documents/ML/Detectron/lib/modeling/model_builder.py", line 124, in create
  File "/home/swk/Documents/ML/Detectron/lib/modeling/model_builder.py", line 89, in generalized_rcnn
  File "/home/swk/Documents/ML/Detectron/lib/modeling/model_builder.py", line 229, in build_generic_detection_model
  File "/home/swk/Documents/ML/Detectron/lib/modeling/optimizer.py", line 40, in build_data_parallel_model
  File "/home/swk/Documents/ML/Detectron/lib/modeling/optimizer.py", line 63, in _build_forward_graph
  File "/home/swk/Documents/ML/Detectron/lib/modeling/model_builder.py", line 169, in _single_gpu_build_func
  File "/home/swk/Documents/ML/Detectron/lib/modeling/FPN.py", line 47, in add_fpn_ResNet50_conv5_body
  File "/home/swk/Documents/ML/Detectron/lib/modeling/FPN.py", line 103, in add_fpn_onto_conv_body
  File "/home/swk/Documents/ML/Detectron/lib/modeling/ResNet.py", line 38, in add_ResNet50_conv5_body
  File "/home/swk/Documents/ML/Detectron/lib/modeling/ResNet.py", line 94, in add_ResNet_convX_body
  File "/home/swk/Documents/ML/caffe2/build/caffe2/python/cnn.py", line 112, in Conv
  File "/home/swk/Documents/ML/caffe2/build/caffe2/python/brew.py", line 121, in scope_wrapper
  File "/home/swk/Documents/ML/caffe2/build/caffe2/python/helpers/conv.py", line 201, in conv
  File "/home/swk/Documents/ML/caffe2/build/caffe2/python/helpers/conv.py", line 154, in _ConvBase
